API URL = https://tokenized.sandbox.bka.sh/v1.2.0-beta/tokenized/checkout/create
 DATE TIME = 13 Jan, 2022 04:43:32 PM
 RESPONSE = {"statusCode":"0000","statusMessage":"Successful","paymentID":"TR00003E1642070614890","bkashURL":"https:\/\/sandbox.payment.bkash.com\/redirect\/tokenized\/?paymentID=TR00003E1642070614890&hash=Bx1mCbuHtBuWiHB-9c6Gs_1Z6UR5_caILmqCb2A2bkT*oA_5IP1yMp0t1viHF90s_CiMy!y9CEL49)dEarlOMOSdRij0SE!Iia(O1642070615116&mode=0000&apiVersion=v1.2.0-beta","callbackURL":"http:\/\/localhost\/Divergent\/bkashPGW\/public\/customer\/tokenized\/agreement\/callback?request_type=agreement","successCallbackURL":"http:\/\/localhost\/Divergent\/bkashPGW\/public\/customer\/tokenized\/agreement\/callback?request_type=agreement&paymentID=TR00003E1642070614890&status=success","failureCallbackURL":"http:\/\/localhost\/Divergent\/bkashPGW\/public\/customer\/tokenized\/agreement\/callback?request_type=agreement&paymentID=TR00003E1642070614890&status=failure","cancelledCallbackURL":"http:\/\/localhost\/Divergent\/bkashPGW\/public\/customer\/tokenized\/agreement\/callback?request_type=agreement&paymentID=TR00003E1642070614890&status=cancel","payerReference":"demo123","agreementStatus":"Initiated","agreementCreateTime":"2022-01-13T16:43:35:114 GMT+0600"}
 ------------------------------------------------------------------------------------------------------------------------ 

API URL = https://tokenized.sandbox.bka.sh/v1.2.0-beta/tokenized/checkout/execute
 DATE TIME = 13 Jan, 2022 04:44:54 PM
 RESPONSE = {"statusCode":"0000","statusMessage":"Successful","paymentID":"TR00003E1642070614890","agreementID":"TokenizedMerchant029YXC8E51642070696722","payerReference":"demo123","agreementExecuteTime":"2022-01-13T16:44:56:722 GMT+0600","agreementStatus":"Completed","customerMsisdn":"01770618576"}
 ------------------------------------------------------------------------------------------------------------------------ 

API URL = https://checkout.sandbox.bka.sh/v1.2.0-beta/checkout/payment/create
 DATE TIME = 13 Jan, 2022 05:07:56 PM
 RESPONSE = {"paymentID":"5TC0UUQ1642072078370","createTime":"2022-01-13T11:07:58:427 GMT+0000","orgLogo":"https:\/\/s3-ap-southeast-1.amazonaws.com\/merchantlogo.sandbox.bka.sh\/merchant-default-logo.png","orgName":"TestCheckoutMerchant2","transactionStatus":"Initiated","amount":"18000","currency":"BDT","intent":"sale","merchantInvoiceNumber":"25"}
 ------------------------------------------------------------------------------------------------------------------------ 

API URL = https://tokenized.sandbox.bka.sh/v1.2.0-beta/tokenized/checkout/agreement/status
 DATE TIME = 13 Jan, 2022 05:30:49 PM
 RESPONSE = {"agreementID":"TokenizedMerchant029YXC8E51642070696722","paymentID":"TR00003E1642070614890","agreementStatus":"Completed","agreementCreateTime":"2022-01-13T16:43:35:114 GMT+0600","agreementExecuteTime":"2022-01-13T16:44:56:722 GMT+0600","payerReference":"demo123","customerMsisdn":"01770618576","statusCode":"0000","statusMessage":"Successful"}
 ------------------------------------------------------------------------------------------------------------------------ 

API URL = https://tokenized.sandbox.bka.sh/v1.2.0-beta/tokenized/checkout/agreement/cancel
 DATE TIME = 13 Jan, 2022 05:31:29 PM
 RESPONSE = {"statusCode":"0000","statusMessage":"Successful","paymentID":"TR0000BZ1641891410013","agreementID":"TokenizedMerchant02WTSHWFD1641891443484","payerReference":"demo123","agreementVoidTime":"2022-01-13T17:31:31:777 GMT+0600","agreementStatus":"Cancelled"}
 ------------------------------------------------------------------------------------------------------------------------ 

API URL = https://tokenized.sandbox.bka.sh/v1.2.0-beta/tokenized/checkout/agreement/status
 DATE TIME = 13 Jan, 2022 05:46:41 PM
 RESPONSE = {"agreementID":"TokenizedMerchant029YXC8E51642070696722","paymentID":"TR00003E1642070614890","agreementStatus":"Completed","agreementCreateTime":"2022-01-13T16:43:35:114 GMT+0600","agreementExecuteTime":"2022-01-13T16:44:56:722 GMT+0600","payerReference":"demo123","customerMsisdn":"01770618576","statusCode":"0000","statusMessage":"Successful"}
 ------------------------------------------------------------------------------------------------------------------------ 

API URL = https://checkout.sandbox.bka.sh/v1.2.0-beta/checkout/payment/refund
 DATE TIME = 13 Jan, 2022 05:47:42 PM
 RESPONSE = {"errorCode":"2002","errorMessage":"Invalid Payment ID"}
 ------------------------------------------------------------------------------------------------------------------------ 

API URL = https://checkout.sandbox.bka.sh/v1.2.0-beta/checkout/payment/refund
 DATE TIME = 13 Jan, 2022 05:49:14 PM
 RESPONSE = {"errorCode":"2002","errorMessage":"Invalid Payment ID"}
 ------------------------------------------------------------------------------------------------------------------------ 

API URL = https://checkout.sandbox.bka.sh/v1.2.0-beta/checkout/payment/refund
 DATE TIME = 13 Jan, 2022 05:49:56 PM
 RESPONSE = {"errorCode":"2002","errorMessage":"Invalid Payment ID"}
 ------------------------------------------------------------------------------------------------------------------------ 

API URL = https://checkout.sandbox.bka.sh/v1.2.0-beta/checkout/payment/refund
 DATE TIME = 13 Jan, 2022 05:51:16 PM
 RESPONSE = {"completedTime":"2022-01-13T11:51:19:293 GMT+0000","transactionStatus":"Completed","originalTrxID":"9AD305MC3B","refundTrxID":"9AD405N3CQ","amount":"18000.00","currency":"BDT","charge":"0.00"}
 ------------------------------------------------------------------------------------------------------------------------ 

API URL = https://checkout.sandbox.bka.sh/v1.2.0-beta/checkout/payment/refund
 DATE TIME = 13 Jan, 2022 05:51:46 PM
 RESPONSE = {"completedTime":"2022-01-13T11:51:19:293 GMT+0000","transactionStatus":"Completed","originalTrxID":"9AD305MC3B","refundTrxID":"9AD405N3CQ","amount":"18000","currency":"BDT","charge":"0.00"}
 ------------------------------------------------------------------------------------------------------------------------ 

API URL = https://tokenized.sandbox.bka.sh/v1.2.0-beta/tokenized/checkout/payment/refund
 DATE TIME = 13 Jan, 2022 05:52:22 PM
 RESPONSE = {"statusCode":"2002","statusMessage":"Invalid Payment ID"}
 ------------------------------------------------------------------------------------------------------------------------ 

API URL = https://tokenized.sandbox.bka.sh/v1.2.0-beta/tokenized/checkout/payment/refund
 DATE TIME = 13 Jan, 2022 05:54:16 PM
 RESPONSE = {"statusCode":"2002","statusMessage":"Invalid Payment ID"}
 ------------------------------------------------------------------------------------------------------------------------ 

API URL = https://tokenized.sandbox.bka.sh/v1.2.0-beta/tokenized/checkout/create
 DATE TIME = 13 Jan, 2022 05:54:36 PM
 RESPONSE = {"statusCode":"0000","statusMessage":"Successful","paymentID":"TR0000YL1642074878828","bkashURL":"https:\/\/sandbox.payment.bkash.com\/redirect\/tokenized\/?paymentID=TR0000YL1642074878828&hash=tzm2LDPJzo2l.PUe)K9lMaRT.MeHOz.Jcv4DX78RFyT4dGYe_LaQ33F11w*Sxuy26)EE(le20Wri_RnkN.pT_zb1)GjIPZ!bLGFK1642074879155&mode=0000&apiVersion=v1.2.0-beta","callbackURL":"http:\/\/localhost\/Divergent\/bkashPGW\/public\/customer\/tokenized\/agreement\/callback?request_type=wa_payment&payerReference=demo123&amount=35000&merchantInvoiceNumber=61&currency=BDT&intent=sale&merchantAssociationInfo=","successCallbackURL":"http:\/\/localhost\/Divergent\/bkashPGW\/public\/customer\/tokenized\/agreement\/callback?request_type=wa_payment&payerReference=demo123&amount=35000&merchantInvoiceNumber=61&currency=BDT&intent=sale&merchantAssociationInfo=&paymentID=TR0000YL1642074878828&status=success","failureCallbackURL":"http:\/\/localhost\/Divergent\/bkashPGW\/public\/customer\/tokenized\/agreement\/callback?request_type=wa_payment&payerReference=demo123&amount=35000&merchantInvoiceNumber=61&currency=BDT&intent=sale&merchantAssociationInfo=&paymentID=TR0000YL1642074878828&status=failure","cancelledCallbackURL":"http:\/\/localhost\/Divergent\/bkashPGW\/public\/customer\/tokenized\/agreement\/callback?request_type=wa_payment&payerReference=demo123&amount=35000&merchantInvoiceNumber=61&currency=BDT&intent=sale&merchantAssociationInfo=&paymentID=TR0000YL1642074878828&status=cancel","payerReference":"demo123","agreementStatus":"Initiated","agreementCreateTime":"2022-01-13T17:54:39:155 GMT+0600"}
 ------------------------------------------------------------------------------------------------------------------------ 

API URL = https://tokenized.sandbox.bka.sh/v1.2.0-beta/tokenized/checkout/execute
 DATE TIME = 13 Jan, 2022 05:55:52 PM
 RESPONSE = {"statusCode":"0000","statusMessage":"Successful","paymentID":"TR0000YL1642074878828","agreementID":"TokenizedMerchant02MYHFSEG1642074954667","payerReference":"demo123","agreementExecuteTime":"2022-01-13T17:55:54:667 GMT+0600","agreementStatus":"Completed","customerMsisdn":"01770618575"}
 ------------------------------------------------------------------------------------------------------------------------ 

API URL = https://tokenized.sandbox.bka.sh/v1.2.0-beta/tokenized/checkout/create
 DATE TIME = 13 Jan, 2022 05:55:53 PM
 RESPONSE = {"statusCode":"0000","statusMessage":"Successful","paymentID":"TR0001K31642074955656","bkashURL":"https:\/\/sandbox.payment.bkash.com\/redirect\/tokenized\/?paymentID=TR0001K31642074955656&hash=_rjwruJjHewrL*XmtYK(K9oKlWCv9-aGj)hGqZLoRL)QE-.Uk88JXPJmQSi(yo.ftt_EmsekuZ6)nzTZ05TxZ2W!q(gaa.Ao2MYc1642074955838&mode=0001&apiVersion=v1.2.0-beta","callbackURL":"http:\/\/localhost\/Divergent\/bkashPGW\/public\/customer\/tokenized\/agreement\/callback?request_type=payment","successCallbackURL":"http:\/\/localhost\/Divergent\/bkashPGW\/public\/customer\/tokenized\/agreement\/callback?request_type=payment&paymentID=TR0001K31642074955656&status=success","failureCallbackURL":"http:\/\/localhost\/Divergent\/bkashPGW\/public\/customer\/tokenized\/agreement\/callback?request_type=payment&paymentID=TR0001K31642074955656&status=failure","cancelledCallbackURL":"http:\/\/localhost\/Divergent\/bkashPGW\/public\/customer\/tokenized\/agreement\/callback?request_type=payment&paymentID=TR0001K31642074955656&status=cancel","amount":"35000","intent":"sale","currency":"BDT","agreementID":"TokenizedMerchant02MYHFSEG1642074954667","paymentCreateTime":"2022-01-13T17:55:55:837 GMT+0600","transactionStatus":"Initiated","merchantInvoiceNumber":"61"}
 ------------------------------------------------------------------------------------------------------------------------ 

API URL = https://tokenized.sandbox.bka.sh/v1.2.0-beta/tokenized/checkout/execute
 DATE TIME = 13 Jan, 2022 05:56:57 PM
 RESPONSE = {"statusCode":"0000","statusMessage":"Successful","paymentID":"TR0001K31642074955656","agreementID":"TokenizedMerchant02MYHFSEG1642074954667","payerReference":"demo123","customerMsisdn":"01770618575","trxID":"9AD605N5N0","amount":"35000","transactionStatus":"Completed","paymentExecuteTime":"2022-01-13T17:57:00:010 GMT+0600","currency":"BDT","intent":"sale","merchantInvoiceNumber":"61"}
 ------------------------------------------------------------------------------------------------------------------------ 

API URL = https://tokenized.sandbox.bka.sh/v1.2.0-beta/tokenized/checkout/payment/refund
 DATE TIME = 13 Jan, 2022 05:57:54 PM
 RESPONSE = {"statusCode":"0000","statusMessage":"Successful","originalTrxID":"9AD605N5N0","refundTrxID":"9AD505N5RP","transactionStatus":"Completed","amount":"35000","currency":"BDT","charge":"0.00","completedTime":"2022-01-13T17:57:56:336 GMT+0600"}
 ------------------------------------------------------------------------------------------------------------------------ 

API URL = https://tokenized.sandbox.bka.sh/v1.2.0-beta/tokenized/checkout/payment/refund
 DATE TIME = 13 Jan, 2022 05:58:19 PM
 RESPONSE = {"statusCode":"0000","statusMessage":"Successful","originalTrxID":"9AD605N5N0","refundTrxID":"9AD505N5RP","transactionStatus":"Completed","amount":"35000","currency":"BDT","charge":"0.00","completedTime":"2022-01-13T17:57:56:336 GMT+0600"}
 ------------------------------------------------------------------------------------------------------------------------ 

API URL = https://checkout.sandbox.bka.sh/v1.2.0-beta/checkout/payment/refund
 DATE TIME = 17 Jan, 2022 11:33:38 AM
 RESPONSE = {"errorCode":"2006","errorMessage":"Invalid amount."}
 ------------------------------------------------------------------------------------------------------------------------ 

API URL = https://checkout.sandbox.bka.sh/v1.2.0-beta/checkout/payment/refund
 DATE TIME = 17 Jan, 2022 11:34:20 AM
 RESPONSE = {"completedTime":"2022-01-16T10:35:13:153 GMT+0000","transactionStatus":"Completed","originalTrxID":"9AG905RIL3","refundTrxID":"9AG205RJNI","amount":"18000","currency":"BDT","charge":"0.00"}
 ------------------------------------------------------------------------------------------------------------------------ 

API URL = https://checkout.sandbox.bka.sh/v1.2.0-beta/checkout/payment/refund
 DATE TIME = 17 Jan, 2022 11:34:37 AM
 RESPONSE = {"completedTime":"2022-01-16T10:35:13:153 GMT+0000","transactionStatus":"Completed","originalTrxID":"9AG905RIL3","refundTrxID":"9AG205RJNI","amount":"18000","currency":"BDT","charge":"0.00"}
 ------------------------------------------------------------------------------------------------------------------------ 

API URL = https://checkout.sandbox.bka.sh/v1.2.0-beta/checkout/payment/refund
 DATE TIME = 17 Jan, 2022 11:34:59 AM
 RESPONSE = {"errorCode":"2070","errorMessage":"Invalid TrxID"}
 ------------------------------------------------------------------------------------------------------------------------ 

API URL = https://checkout.sandbox.bka.sh/v1.2.0-beta/checkout/payment/refund
 DATE TIME = 17 Jan, 2022 11:35:10 AM
 RESPONSE = {"completedTime":"2022-01-16T10:35:13:153 GMT+0000","transactionStatus":"Completed","originalTrxID":"9AG905RIL3","refundTrxID":"9AG205RJNI","amount":"18000","currency":"BDT","charge":"0.00"}
 ------------------------------------------------------------------------------------------------------------------------ 

API URL = https://checkout.sandbox.bka.sh/v1.2.0-beta/checkout/payment/refund
 DATE TIME = 17 Jan, 2022 11:37:58 AM
 RESPONSE = {"completedTime":"2022-01-16T10:35:13:153 GMT+0000","transactionStatus":"Completed","originalTrxID":"9AG905RIL3","refundTrxID":"9AG205RJNI","amount":"18000","currency":"BDT","charge":"0.00"}
 ------------------------------------------------------------------------------------------------------------------------ 

API URL = https://checkout.sandbox.bka.sh/v1.2.0-beta/checkout/payment/refund
 DATE TIME = 17 Jan, 2022 12:04:36 PM
 RESPONSE = {"completedTime":"2022-01-16T10:35:13:153 GMT+0000","transactionStatus":"Completed","originalTrxID":"9AG905RIL3","refundTrxID":"9AG205RJNI","amount":"18000","currency":"BDT","charge":"0.00"}
 ------------------------------------------------------------------------------------------------------------------------ 

API URL = https://checkout.sandbox.bka.sh/v1.2.0-beta/checkout/payment/refund
 DATE TIME = 17 Jan, 2022 12:04:56 PM
 RESPONSE = {"completedTime":"2022-01-16T10:35:13:153 GMT+0000","transactionStatus":"Completed","originalTrxID":"9AG905RIL3","refundTrxID":"9AG205RJNI","amount":"18000","currency":"BDT","charge":"0.00"}
 ------------------------------------------------------------------------------------------------------------------------ 

API URL = https://checkout.sandbox.bka.sh/v1.2.0-beta/checkout/payment/intraAccountTransfer
 DATE TIME = 17 Jan, 2022 12:05:44 PM
 RESPONSE = {"completedTime":"2022-01-17T06:05:43:382 GMT+0000","trxID":"9AH305RZYH","transactionStatus":"Completed","amount":"1200","currency":"BDT","transferType":"Collection2Disbursement"}
 ------------------------------------------------------------------------------------------------------------------------ 

API URL = https://checkout.sandbox.bka.sh/v1.2.0-beta/checkout/payment/b2cPayment
 DATE TIME = 17 Jan, 2022 12:10:04 PM
 RESPONSE = {"errorCode":"2012","errorMessage":"Invalid Receiver MSISDN"}
 ------------------------------------------------------------------------------------------------------------------------ 

API URL = https://checkout.sandbox.bka.sh/v1.2.0-beta/checkout/payment/b2cPayment
 DATE TIME = 17 Jan, 2022 12:10:39 PM
 RESPONSE = {"errorCode":"2012","errorMessage":"Invalid Receiver MSISDN"}
 ------------------------------------------------------------------------------------------------------------------------ 

API URL = https://tokenized.sandbox.bka.sh/v1.2.0-beta/tokenized/checkout/payment/refund
 DATE TIME = 17 Jan, 2022 12:15:30 PM
 RESPONSE = {"statusCode":"2002","statusMessage":"Invalid Payment ID"}
 ------------------------------------------------------------------------------------------------------------------------ 

API URL = https://checkout.sandbox.bka.sh/v1.2.0-beta/checkout/payment/create
 DATE TIME = 17 Jan, 2022 12:19:15 PM
 RESPONSE = {"paymentID":"ULW8CJM1642400354065","createTime":"2022-01-17T06:19:14:221 GMT+0000","orgLogo":"https:\/\/s3-ap-southeast-1.amazonaws.com\/merchantlogo.sandbox.bka.sh\/merchant-default-logo.png","orgName":"TestCheckoutMerchant2","transactionStatus":"Initiated","amount":"18000","currency":"BDT","intent":"sale","merchantInvoiceNumber":"88"}
 ------------------------------------------------------------------------------------------------------------------------ 

API URL = https://checkout.sandbox.bka.sh/v1.2.0-beta/checkout/payment/create
 DATE TIME = 17 Jan, 2022 12:19:44 PM
 RESPONSE = {"paymentID":"7LWINEL1642400382943","createTime":"2022-01-17T06:19:43:111 GMT+0000","orgLogo":"https:\/\/s3-ap-southeast-1.amazonaws.com\/merchantlogo.sandbox.bka.sh\/merchant-default-logo.png","orgName":"TestCheckoutMerchant2","transactionStatus":"Initiated","amount":"18000","currency":"BDT","intent":"sale","merchantInvoiceNumber":"50"}
 ------------------------------------------------------------------------------------------------------------------------ 

API URL = https://checkout.sandbox.bka.sh/v1.2.0-beta/checkout/payment/create
 DATE TIME = 17 Jan, 2022 12:20:01 PM
 RESPONSE = {"paymentID":"31GFQ9N1642400400921","createTime":"2022-01-17T06:20:00:983 GMT+0000","orgLogo":"https:\/\/s3-ap-southeast-1.amazonaws.com\/merchantlogo.sandbox.bka.sh\/merchant-default-logo.png","orgName":"TestCheckoutMerchant2","transactionStatus":"Initiated","amount":"18000","currency":"BDT","intent":"sale","merchantInvoiceNumber":"13"}
 ------------------------------------------------------------------------------------------------------------------------ 

API URL = https://checkout.sandbox.bka.sh/v1.2.0-beta/checkout/payment/execute/31GFQ9N1642400400921
 DATE TIME = 17 Jan, 2022 12:20:42 PM
 RESPONSE = {"message":"Endpoint request timed out"}
 ------------------------------------------------------------------------------------------------------------------------ 

API URL = https://checkout.sandbox.bka.sh/v1.2.0-beta/checkout/payment/create
 DATE TIME = 17 Jan, 2022 12:23:50 PM
 RESPONSE = {"paymentID":"GO1WA171642400629609","createTime":"2022-01-17T06:23:49:712 GMT+0000","orgLogo":"https:\/\/s3-ap-southeast-1.amazonaws.com\/merchantlogo.sandbox.bka.sh\/merchant-default-logo.png","orgName":"TestCheckoutMerchant2","transactionStatus":"Initiated","amount":"18000","currency":"BDT","intent":"sale","merchantInvoiceNumber":"56"}
 ------------------------------------------------------------------------------------------------------------------------ 

API URL = https://checkout.sandbox.bka.sh/v1.2.0-beta/checkout/payment/execute/GO1WA171642400629609
 DATE TIME = 17 Jan, 2022 12:24:21 PM
 RESPONSE = {"paymentID":"GO1WA171642400629609","createTime":"2022-01-17T06:23:49:712 GMT+0000","updateTime":"2022-01-17T06:24:20:222 GMT+0000","trxID":"9AH705S3OR","transactionStatus":"Completed","amount":"18000","currency":"BDT","intent":"sale","merchantInvoiceNumber":"56","customerMsisdn":"01929918378"}
 ------------------------------------------------------------------------------------------------------------------------ 

API URL = https://checkout.sandbox.bka.sh/v1.2.0-beta/checkout/payment/create
 DATE TIME = 17 Jan, 2022 01:03:48 PM
 RESPONSE = {"paymentID":"SPUHBRT1642403027307","createTime":"2022-01-17T07:03:47:365 GMT+0000","orgLogo":"https:\/\/s3-ap-southeast-1.amazonaws.com\/merchantlogo.sandbox.bka.sh\/merchant-default-logo.png","orgName":"TestCheckoutMerchant2","transactionStatus":"Initiated","amount":"18000","currency":"BDT","intent":"sale","merchantInvoiceNumber":"41"}
 ------------------------------------------------------------------------------------------------------------------------ 

API URL = https://checkout.sandbox.bka.sh/v1.2.0-beta/checkout/payment/query/SPUHBRT1642403027307
 DATE TIME = 17 Jan, 2022 01:04:28 PM
 RESPONSE = {"paymentID":"SPUHBRT1642403027307","createTime":"2022-01-17T07:03:47:365 GMT+0000","updateTime":"2022-01-17T07:03:47:365 GMT+0000","transactionStatus":"Initiated","amount":"18000","currency":"BDT","intent":"sale","merchantInvoiceNumber":"41","refundAmount":"0","customerMsisdn":"01929918378"}
 ------------------------------------------------------------------------------------------------------------------------ 

API URL = https://checkout.sandbox.bka.sh/v1.2.0-beta/checkout/payment/create
 DATE TIME = 17 Jan, 2022 01:23:54 PM
 RESPONSE = {"paymentID":"ZEER4OX1642404233868","createTime":"2022-01-17T07:23:53:906 GMT+0000","orgLogo":"https:\/\/s3-ap-southeast-1.amazonaws.com\/merchantlogo.sandbox.bka.sh\/merchant-default-logo.png","orgName":"TestCheckoutMerchant2","transactionStatus":"Initiated","amount":"18000","currency":"BDT","intent":"sale","merchantInvoiceNumber":"34"}
 ------------------------------------------------------------------------------------------------------------------------ 

API URL = https://checkout.sandbox.bka.sh/v1.2.0-beta/checkout/payment/create
 DATE TIME = 17 Jan, 2022 01:24:25 PM
 RESPONSE = {"paymentID":"XJ5E4351642404263882","createTime":"2022-01-17T07:24:24:037 GMT+0000","orgLogo":"https:\/\/s3-ap-southeast-1.amazonaws.com\/merchantlogo.sandbox.bka.sh\/merchant-default-logo.png","orgName":"TestCheckoutMerchant2","transactionStatus":"Initiated","amount":"18000","currency":"BDT","intent":"sale","merchantInvoiceNumber":"93"}
 ------------------------------------------------------------------------------------------------------------------------ 

API URL = https://checkout.sandbox.bka.sh/v1.2.0-beta/checkout/payment/query/XJ5E4351642404263882
 DATE TIME = 17 Jan, 2022 01:25:26 PM
 RESPONSE = {"paymentID":"XJ5E4351642404263882","createTime":"2022-01-17T07:24:24:037 GMT+0000","updateTime":"2022-01-17T07:24:24:037 GMT+0000","transactionStatus":"Initiated","amount":"18000","currency":"BDT","intent":"sale","merchantInvoiceNumber":"93","refundAmount":"0","customerMsisdn":"01929918378"}
 ------------------------------------------------------------------------------------------------------------------------ 

API URL = https://checkout.sandbox.bka.sh/v1.2.0-beta/checkout/payment/create
 DATE TIME = 17 Jan, 2022 01:27:03 PM
 RESPONSE = {"paymentID":"7ARL1CI1642404421950","createTime":"2022-01-17T07:27:02:408 GMT+0000","orgLogo":"https:\/\/s3-ap-southeast-1.amazonaws.com\/merchantlogo.sandbox.bka.sh\/merchant-default-logo.png","orgName":"TestCheckoutMerchant2","transactionStatus":"Initiated","amount":"18000","currency":"BDT","intent":"sale","merchantInvoiceNumber":"3"}
 ------------------------------------------------------------------------------------------------------------------------ 

API URL = https://checkout.sandbox.bka.sh/v1.2.0-beta/checkout/payment/query/7ARL1CI1642404421950
 DATE TIME = 17 Jan, 2022 01:27:19 PM
 RESPONSE = {"paymentID":"7ARL1CI1642404421950","createTime":"2022-01-17T07:27:02:408 GMT+0000","updateTime":"2022-01-17T07:27:02:408 GMT+0000","transactionStatus":"Initiated","amount":"18000","currency":"BDT","intent":"sale","merchantInvoiceNumber":"3","refundAmount":"0","customerMsisdn":"01929918378"}
 ------------------------------------------------------------------------------------------------------------------------ 

API URL = https://checkout.sandbox.bka.sh/v1.2.0-beta/checkout/payment/create
 DATE TIME = 17 Jan, 2022 01:27:21 PM
 RESPONSE = {"paymentID":"QVSGE3B1642404439978","createTime":"2022-01-17T07:27:20:204 GMT+0000","orgLogo":"https:\/\/s3-ap-southeast-1.amazonaws.com\/merchantlogo.sandbox.bka.sh\/merchant-default-logo.png","orgName":"TestCheckoutMerchant2","transactionStatus":"Initiated","amount":"18000","currency":"BDT","intent":"sale","merchantInvoiceNumber":"3"}
 ------------------------------------------------------------------------------------------------------------------------ 

API URL = https://checkout.sandbox.bka.sh/v1.2.0-beta/checkout/payment/query/QVSGE3B1642404439978
 DATE TIME = 17 Jan, 2022 01:27:43 PM
 RESPONSE = {"paymentID":"QVSGE3B1642404439978","createTime":"2022-01-17T07:27:20:204 GMT+0000","updateTime":"2022-01-17T07:27:20:204 GMT+0000","transactionStatus":"Initiated","amount":"18000","currency":"BDT","intent":"sale","merchantInvoiceNumber":"3","refundAmount":"0","customerMsisdn":"01929918378"}
 ------------------------------------------------------------------------------------------------------------------------ 

API URL = https://checkout.sandbox.bka.sh/v1.2.0-beta/checkout/payment/create
 DATE TIME = 17 Jan, 2022 01:27:44 PM
 RESPONSE = {"paymentID":"NNEJ9H11642404463775","createTime":"2022-01-17T07:27:44:008 GMT+0000","orgLogo":"https:\/\/s3-ap-southeast-1.amazonaws.com\/merchantlogo.sandbox.bka.sh\/merchant-default-logo.png","orgName":"TestCheckoutMerchant2","transactionStatus":"Initiated","amount":"18000","currency":"BDT","intent":"sale","merchantInvoiceNumber":"3"}
 ------------------------------------------------------------------------------------------------------------------------ 

API URL = https://checkout.sandbox.bka.sh/v1.2.0-beta/checkout/payment/create
 DATE TIME = 17 Jan, 2022 01:28:10 PM
 RESPONSE = {"paymentID":"3CFX0071642404489056","createTime":"2022-01-17T07:28:09:247 GMT+0000","orgLogo":"https:\/\/s3-ap-southeast-1.amazonaws.com\/merchantlogo.sandbox.bka.sh\/merchant-default-logo.png","orgName":"TestCheckoutMerchant2","transactionStatus":"Initiated","amount":"18000","currency":"BDT","intent":"sale","merchantInvoiceNumber":"48"}
 ------------------------------------------------------------------------------------------------------------------------ 

API URL = https://checkout.sandbox.bka.sh/v1.2.0-beta/checkout/payment/execute/3CFX0071642404489056
 DATE TIME = 17 Jan, 2022 01:28:51 PM
 RESPONSE = {"paymentID":"3CFX0071642404489056","createTime":"2022-01-17T07:28:09:247 GMT+0000","updateTime":"2022-01-17T07:28:50:008 GMT+0000","trxID":"9AH905SI53","transactionStatus":"Completed","amount":"18000","currency":"BDT","intent":"sale","merchantInvoiceNumber":"48","customerMsisdn":"01929918378"}
 ------------------------------------------------------------------------------------------------------------------------ 

API URL = https://checkout.sandbox.bka.sh/v1.2.0-beta/checkout/payment/create
 DATE TIME = 17 Jan, 2022 01:30:30 PM
 RESPONSE = {"paymentID":"LMW1XN81642404629067","createTime":"2022-01-17T07:30:29:249 GMT+0000","orgLogo":"https:\/\/s3-ap-southeast-1.amazonaws.com\/merchantlogo.sandbox.bka.sh\/merchant-default-logo.png","orgName":"TestCheckoutMerchant2","transactionStatus":"Initiated","amount":"18000","currency":"BDT","intent":"sale","merchantInvoiceNumber":"34"}
 ------------------------------------------------------------------------------------------------------------------------ 

API URL = https://checkout.sandbox.bka.sh/v1.2.0-beta/checkout/payment/execute/LMW1XN81642404629067
 DATE TIME = 17 Jan, 2022 01:30:50 PM
 RESPONSE = {"paymentID":"LMW1XN81642404629067","createTime":"2022-01-17T07:30:29:249 GMT+0000","updateTime":"2022-01-17T07:30:49:951 GMT+0000","trxID":"9AH305SJ5B","transactionStatus":"Completed","amount":"18000","currency":"BDT","intent":"sale","merchantInvoiceNumber":"34","customerMsisdn":"01929918378"}
 ------------------------------------------------------------------------------------------------------------------------ 

API URL = https://checkout.sandbox.bka.sh/v1.2.0-beta/checkout/payment/create
 DATE TIME = 17 Jan, 2022 01:31:23 PM
 RESPONSE = {"paymentID":"J6XMLO11642404682490","createTime":"2022-01-17T07:31:22:609 GMT+0000","orgLogo":"https:\/\/s3-ap-southeast-1.amazonaws.com\/merchantlogo.sandbox.bka.sh\/merchant-default-logo.png","orgName":"TestCheckoutMerchant2","transactionStatus":"Initiated","amount":"18000","currency":"BDT","intent":"sale","merchantInvoiceNumber":"93"}
 ------------------------------------------------------------------------------------------------------------------------ 

API URL = https://checkout.sandbox.bka.sh/v1.2.0-beta/checkout/payment/execute/J6XMLO11642404682490
 DATE TIME = 17 Jan, 2022 01:31:54 PM
 RESPONSE = {"errorCode":"2029","errorMessage":"Duplicate for All Transactions"}
 ------------------------------------------------------------------------------------------------------------------------ 

API URL = https://checkout.sandbox.bka.sh/v1.2.0-beta/checkout/payment/query/J6XMLO11642404682490
 DATE TIME = 17 Jan, 2022 01:31:56 PM
 RESPONSE = {"paymentID":"J6XMLO11642404682490","createTime":"2022-01-17T07:31:22:609 GMT+0000","updateTime":"2022-01-17T07:31:22:609 GMT+0000","transactionStatus":"Initiated","amount":"18000","currency":"BDT","intent":"sale","merchantInvoiceNumber":"93","refundAmount":"0","customerMsisdn":"01929918378"}
 ------------------------------------------------------------------------------------------------------------------------ 

API URL = https://checkout.sandbox.bka.sh/v1.2.0-beta/checkout/payment/create
 DATE TIME = 17 Jan, 2022 01:31:57 PM
 RESPONSE = {"paymentID":"W96SFRN1642404716683","createTime":"2022-01-17T07:31:56:849 GMT+0000","orgLogo":"https:\/\/s3-ap-southeast-1.amazonaws.com\/merchantlogo.sandbox.bka.sh\/merchant-default-logo.png","orgName":"TestCheckoutMerchant2","transactionStatus":"Initiated","amount":"18000","currency":"BDT","intent":"sale","merchantInvoiceNumber":"93"}
 ------------------------------------------------------------------------------------------------------------------------ 

API URL = https://checkout.sandbox.bka.sh/v1.2.0-beta/checkout/payment/execute/W96SFRN1642404716683
 DATE TIME = 17 Jan, 2022 01:32:20 PM
 RESPONSE = {"errorCode":"2029","errorMessage":"Duplicate for All Transactions"}
 ------------------------------------------------------------------------------------------------------------------------ 

API URL = https://checkout.sandbox.bka.sh/v1.2.0-beta/checkout/payment/query/W96SFRN1642404716683
 DATE TIME = 17 Jan, 2022 01:32:21 PM
 RESPONSE = {"paymentID":"W96SFRN1642404716683","createTime":"2022-01-17T07:31:56:849 GMT+0000","updateTime":"2022-01-17T07:31:56:849 GMT+0000","transactionStatus":"Initiated","amount":"18000","currency":"BDT","intent":"sale","merchantInvoiceNumber":"93","refundAmount":"0","customerMsisdn":"01929918378"}
 ------------------------------------------------------------------------------------------------------------------------ 

API URL = https://checkout.sandbox.bka.sh/v1.2.0-beta/checkout/payment/create
 DATE TIME = 17 Jan, 2022 01:32:23 PM
 RESPONSE = {"paymentID":"GMZ0I8S1642404742152","createTime":"2022-01-17T07:32:22:390 GMT+0000","orgLogo":"https:\/\/s3-ap-southeast-1.amazonaws.com\/merchantlogo.sandbox.bka.sh\/merchant-default-logo.png","orgName":"TestCheckoutMerchant2","transactionStatus":"Initiated","amount":"18000","currency":"BDT","intent":"sale","merchantInvoiceNumber":"93"}
 ------------------------------------------------------------------------------------------------------------------------ 

API URL = https://checkout.sandbox.bka.sh/v1.2.0-beta/checkout/payment/execute/GMZ0I8S1642404742152
 DATE TIME = 17 Jan, 2022 01:33:43 PM
 RESPONSE = {"paymentID":"GMZ0I8S1642404742152","createTime":"2022-01-17T07:32:22:390 GMT+0000","updateTime":"2022-01-17T07:33:42:687 GMT+0000","trxID":"9AH205SJGE","transactionStatus":"Completed","amount":"18000","currency":"BDT","intent":"sale","merchantInvoiceNumber":"93","customerMsisdn":"01929918378"}
 ------------------------------------------------------------------------------------------------------------------------ 

API URL = https://checkout.sandbox.bka.sh/v1.2.0-beta/checkout/payment/create
 DATE TIME = 17 Jan, 2022 01:33:49 PM
 RESPONSE = {"paymentID":"YQGZX241642404828529","createTime":"2022-01-17T07:33:48:650 GMT+0000","orgLogo":"https:\/\/s3-ap-southeast-1.amazonaws.com\/merchantlogo.sandbox.bka.sh\/merchant-default-logo.png","orgName":"TestCheckoutMerchant2","transactionStatus":"Initiated","amount":"18000","currency":"BDT","intent":"sale","merchantInvoiceNumber":"81"}
 ------------------------------------------------------------------------------------------------------------------------ 

API URL = https://checkout.sandbox.bka.sh/v1.2.0-beta/checkout/payment/execute/YQGZX241642404828529
 DATE TIME = 17 Jan, 2022 01:34:03 PM
 RESPONSE = {"errorCode":"2029","errorMessage":"Duplicate for All Transactions"}
 ------------------------------------------------------------------------------------------------------------------------ 

API URL = https://checkout.sandbox.bka.sh/v1.2.0-beta/checkout/payment/create
 DATE TIME = 17 Jan, 2022 01:34:14 PM
 RESPONSE = {"paymentID":"CU6GFWC1642404853406","createTime":"2022-01-17T07:34:13:511 GMT+0000","orgLogo":"https:\/\/s3-ap-southeast-1.amazonaws.com\/merchantlogo.sandbox.bka.sh\/merchant-default-logo.png","orgName":"TestCheckoutMerchant2","transactionStatus":"Initiated","amount":"18000","currency":"BDT","intent":"sale","merchantInvoiceNumber":"47"}
 ------------------------------------------------------------------------------------------------------------------------ 

API URL = https://checkout.sandbox.bka.sh/v1.2.0-beta/checkout/payment/execute/CU6GFWC1642404853406
 DATE TIME = 17 Jan, 2022 01:34:27 PM
 RESPONSE = {"errorCode":"2029","errorMessage":"Duplicate for All Transactions"}
 ------------------------------------------------------------------------------------------------------------------------ 

API URL = https://tokenized.sandbox.bka.sh/v1.2.0-beta/tokenized/checkout/create
 DATE TIME = 17 Jan, 2022 05:29:06 PM
 RESPONSE = {"statusCode":"0000","statusMessage":"Successful","paymentID":"TR0000E31642418937369","bkashURL":"https:\/\/sandbox.payment.bkash.com\/redirect\/tokenized\/?paymentID=TR0000E31642418937369&hash=36LpInGE27-Xlg4ZScfMJp_XJZP!L.pp_)0b3LaIkbg!OLtUPgQjFE_UPTUvaZet71ZUbZohRj*45utqH_u33pfa6EDzcYj!c7XF1642418943845&mode=0000&apiVersion=v1.2.0-beta","callbackURL":"http:\/\/localhost\/bKashPGW\/public\/customer\/tokenized\/agreement\/callback?request_type=agreement","successCallbackURL":"http:\/\/localhost\/bKashPGW\/public\/customer\/tokenized\/agreement\/callback?request_type=agreement&paymentID=TR0000E31642418937369&status=success","failureCallbackURL":"http:\/\/localhost\/bKashPGW\/public\/customer\/tokenized\/agreement\/callback?request_type=agreement&paymentID=TR0000E31642418937369&status=failure","cancelledCallbackURL":"http:\/\/localhost\/bKashPGW\/public\/customer\/tokenized\/agreement\/callback?request_type=agreement&paymentID=TR0000E31642418937369&status=cancel","payerReference":"demo123","agreementStatus":"Initiated","agreementCreateTime":"2022-01-17T17:29:03:829 GMT+0600"}
 ------------------------------------------------------------------------------------------------------------------------ 

API URL = https://tokenized.sandbox.bka.sh/v1.2.0-beta/tokenized/checkout/execute
 DATE TIME = 17 Jan, 2022 05:30:21 PM
 RESPONSE = {"statusCode":"0000","statusMessage":"Successful","paymentID":"TR0000E31642418937369","agreementID":"TokenizedMerchant02J2ZVF1C1642419019765","payerReference":"demo123","agreementExecuteTime":"2022-01-17T17:30:19:765 GMT+0600","agreementStatus":"Completed","customerMsisdn":"01929918378"}
 ------------------------------------------------------------------------------------------------------------------------ 

API URL = https://checkout.sandbox.bka.sh/v1.2.0-beta/checkout/payment/create
 DATE TIME = 17 Jan, 2022 05:33:01 PM
 RESPONSE = {"paymentID":"QNZ3W9R1642419179253","createTime":"2022-01-17T11:32:59:358 GMT+0000","orgLogo":"https:\/\/s3-ap-southeast-1.amazonaws.com\/merchantlogo.sandbox.bka.sh\/merchant-default-logo.png","orgName":"TestCheckoutMerchant2","transactionStatus":"Initiated","amount":"18000","currency":"BDT","intent":"sale","merchantInvoiceNumber":"44"}
 ------------------------------------------------------------------------------------------------------------------------ 

API URL = https://checkout.sandbox.bka.sh/v1.2.0-beta/checkout/payment/execute/QNZ3W9R1642419179253
 DATE TIME = 17 Jan, 2022 05:33:38 PM
 RESPONSE = {"paymentID":"QNZ3W9R1642419179253","createTime":"2022-01-17T11:32:59:358 GMT+0000","updateTime":"2022-01-17T11:33:36:767 GMT+0000","trxID":"9AH105TKW5","transactionStatus":"Completed","amount":"18000","currency":"BDT","intent":"sale","merchantInvoiceNumber":"44","customerMsisdn":"01770618575"}
 ------------------------------------------------------------------------------------------------------------------------ 

API URL = https://checkout.sandbox.bka.sh/v1.2.0-beta/checkout/payment/create
 DATE TIME = 17 Jan, 2022 05:35:37 PM
 RESPONSE = {"paymentID":"1OD25KF1642419335444","createTime":"2022-01-17T11:35:35:566 GMT+0000","orgLogo":"https:\/\/s3-ap-southeast-1.amazonaws.com\/merchantlogo.sandbox.bka.sh\/merchant-default-logo.png","orgName":"TestCheckoutMerchant2","transactionStatus":"Initiated","amount":"18000","currency":"BDT","intent":"authorization","merchantInvoiceNumber":"83"}
 ------------------------------------------------------------------------------------------------------------------------ 

API URL = https://checkout.sandbox.bka.sh/v1.2.0-beta/checkout/payment/execute/1OD25KF1642419335444
 DATE TIME = 17 Jan, 2022 05:36:16 PM
 RESPONSE = {"paymentID":"1OD25KF1642419335444","createTime":"2022-01-17T11:35:35:566 GMT+0000","updateTime":"2022-01-17T11:36:14:038 GMT+0000","trxID":"9AH205TKWG","transactionStatus":"Authorized","amount":"18000","currency":"BDT","intent":"authorization","merchantInvoiceNumber":"83","customerMsisdn":"01770618575"}
 ------------------------------------------------------------------------------------------------------------------------ 

API URL = https://checkout.sandbox.bka.sh/v1.2.0-beta/checkout/payment/capture/1OD25KF1642419335444
 DATE TIME = 17 Jan, 2022 05:37:22 PM
 RESPONSE = {"paymentID":"1OD25KF1642419335444","createTime":"2022-01-17T11:35:35:566 GMT+0000","updateTime":"2022-01-17T11:37:20:092 GMT+0000","trxID":"9AH205TKWG","transactionStatus":"Completed"}
 ------------------------------------------------------------------------------------------------------------------------ 

API URL = https://checkout.sandbox.bka.sh/v1.2.0-beta/checkout/payment/void/1OD25KF1642419335444
 DATE TIME = 17 Jan, 2022 05:37:44 PM
 RESPONSE = {"errorCode":"2068","errorMessage":"Transaction has already been completed"}
 ------------------------------------------------------------------------------------------------------------------------ 

API URL = https://checkout.sandbox.bka.sh/v1.2.0-beta/checkout/payment/void/QNZ3W9R1642419179253
 DATE TIME = 17 Jan, 2022 05:37:52 PM
 RESPONSE = {"errorCode":"2068","errorMessage":"Transaction has already been completed"}
 ------------------------------------------------------------------------------------------------------------------------ 

API URL = https://checkout.sandbox.bka.sh/v1.2.0-beta/checkout/payment/create
 DATE TIME = 17 Jan, 2022 05:38:16 PM
 RESPONSE = {"paymentID":"LN7LS4Y1642419494941","createTime":"2022-01-17T11:38:15:047 GMT+0000","orgLogo":"https:\/\/s3-ap-southeast-1.amazonaws.com\/merchantlogo.sandbox.bka.sh\/merchant-default-logo.png","orgName":"TestCheckoutMerchant2","transactionStatus":"Initiated","amount":"18000","currency":"BDT","intent":"sale","merchantInvoiceNumber":"41"}
 ------------------------------------------------------------------------------------------------------------------------ 

API URL = https://checkout.sandbox.bka.sh/v1.2.0-beta/checkout/payment/execute/LN7LS4Y1642419494941
 DATE TIME = 17 Jan, 2022 05:41:05 PM
 RESPONSE = {"paymentID":"LN7LS4Y1642419494941","createTime":"2022-01-17T11:38:15:047 GMT+0000","updateTime":"2022-01-17T11:41:03:658 GMT+0000","trxID":"9AH705TKWV","transactionStatus":"Completed","amount":"18000","currency":"BDT","intent":"sale","merchantInvoiceNumber":"41","customerMsisdn":"01770618575"}
 ------------------------------------------------------------------------------------------------------------------------ 

API URL = https://tokenized.sandbox.bka.sh/v1.2.0-beta/tokenized/checkout/create
 DATE TIME = 17 Jan, 2022 05:43:52 PM
 RESPONSE = {"statusCode":"0000","statusMessage":"Successful","paymentID":"TR0000B41642419829482","bkashURL":"https:\/\/sandbox.payment.bkash.com\/redirect\/tokenized\/?paymentID=TR0000B41642419829482&hash=iq5mBqcqvqS2l7FWGxvt--LGHMdWQ6ERm9glqqTLzKrPEgGB*mF3PMF4Ya1nTUH7wBqjiWhrxlz.9KRDXH_BnoaSnH-TFe16k2Ic1642419829910&mode=0000&apiVersion=v1.2.0-beta","callbackURL":"http:\/\/localhost\/bKashPGW\/public\/customer\/tokenized\/agreement\/callback?request_type=agreement","successCallbackURL":"http:\/\/localhost\/bKashPGW\/public\/customer\/tokenized\/agreement\/callback?request_type=agreement&paymentID=TR0000B41642419829482&status=success","failureCallbackURL":"http:\/\/localhost\/bKashPGW\/public\/customer\/tokenized\/agreement\/callback?request_type=agreement&paymentID=TR0000B41642419829482&status=failure","cancelledCallbackURL":"http:\/\/localhost\/bKashPGW\/public\/customer\/tokenized\/agreement\/callback?request_type=agreement&paymentID=TR0000B41642419829482&status=cancel","payerReference":"demo123","agreementStatus":"Initiated","agreementCreateTime":"2022-01-17T17:43:49:908 GMT+0600"}
 ------------------------------------------------------------------------------------------------------------------------ 

API URL = https://tokenized.sandbox.bka.sh/v1.2.0-beta/tokenized/checkout/execute
 DATE TIME = 17 Jan, 2022 05:44:47 PM
 RESPONSE = {"statusCode":"0000","statusMessage":"Successful","paymentID":"TR0000B41642419829482","agreementID":"TokenizedMerchant02YAPWN9T1642419885935","payerReference":"demo123","agreementExecuteTime":"2022-01-17T17:44:45:935 GMT+0600","agreementStatus":"Completed","customerMsisdn":"01929918378"}
 ------------------------------------------------------------------------------------------------------------------------ 

API URL = https://tokenized.sandbox.bka.sh/v1.2.0-beta/tokenized/checkout/create
 DATE TIME = 17 Jan, 2022 05:49:03 PM
 RESPONSE = {"statusCode":"0000","statusMessage":"Successful","paymentID":"TR0011G11642420141575","bkashURL":"https:\/\/sandbox.payment.bkash.com\/redirect\/tokenized\/?paymentID=TR0011G11642420141575&hash=V8)bVObt(G47rhtpAP2VWoRub43Zf-fWW-GHx_phXuM20PY6DbU7oDu8dYRWv5r430JFq(v(d_0Ja-_9jYWz6kq6uopfk4e07lY*1642420141893&mode=0011&apiVersion=v1.2.0-beta","callbackURL":"http:\/\/localhost\/bKashPGW\/public\/customer\/tokenized\/agreement\/callback?request_type=woa_payment","successCallbackURL":"http:\/\/localhost\/bKashPGW\/public\/customer\/tokenized\/agreement\/callback?request_type=woa_payment&paymentID=TR0011G11642420141575&status=success","failureCallbackURL":"http:\/\/localhost\/bKashPGW\/public\/customer\/tokenized\/agreement\/callback?request_type=woa_payment&paymentID=TR0011G11642420141575&status=failure","cancelledCallbackURL":"http:\/\/localhost\/bKashPGW\/public\/customer\/tokenized\/agreement\/callback?request_type=woa_payment&paymentID=TR0011G11642420141575&status=cancel","amount":"35000","intent":"sale","currency":"BDT","paymentCreateTime":"2022-01-17T17:49:01:883 GMT+0600","transactionStatus":"Initiated","merchantInvoiceNumber":"28"}
 ------------------------------------------------------------------------------------------------------------------------ 

API URL = https://tokenized.sandbox.bka.sh/v1.2.0-beta/tokenized/checkout/execute
 DATE TIME = 17 Jan, 2022 05:49:45 PM
 RESPONSE = {"statusCode":"0000","statusMessage":"Successful","paymentID":"TR0011G11642420141575","payerReference":"demo123","customerMsisdn":"01929918378","trxID":"9AH705TK67","amount":"35000","transactionStatus":"Completed","paymentExecuteTime":"2022-01-17T17:49:43:132 GMT+0600","currency":"BDT","intent":"sale","merchantInvoiceNumber":"28"}
 ------------------------------------------------------------------------------------------------------------------------ 

API URL = https://tokenized.sandbox.bka.sh/v1.2.0-beta/tokenized/checkout/create
 DATE TIME = 17 Jan, 2022 05:49:57 PM
 RESPONSE = {"statusCode":"0000","statusMessage":"Successful","paymentID":"TR0011BD1642420195533","bkashURL":"https:\/\/sandbox.payment.bkash.com\/redirect\/tokenized\/?paymentID=TR0011BD1642420195533&hash=LkE7KEL(0Y!67mvq4Z__47G0(R!rl5mFY5x27H_YpzI8kkgQgn6WJY4hREA9Ccfk7_lnY4wcBchBznJN3VisWPQzhP2wz1nOR5TR1642420195834&mode=0011&apiVersion=v1.2.0-beta","callbackURL":"http:\/\/localhost\/bKashPGW\/public\/customer\/tokenized\/agreement\/callback?request_type=woa_payment","successCallbackURL":"http:\/\/localhost\/bKashPGW\/public\/customer\/tokenized\/agreement\/callback?request_type=woa_payment&paymentID=TR0011BD1642420195533&status=success","failureCallbackURL":"http:\/\/localhost\/bKashPGW\/public\/customer\/tokenized\/agreement\/callback?request_type=woa_payment&paymentID=TR0011BD1642420195533&status=failure","cancelledCallbackURL":"http:\/\/localhost\/bKashPGW\/public\/customer\/tokenized\/agreement\/callback?request_type=woa_payment&paymentID=TR0011BD1642420195533&status=cancel","amount":"35000","intent":"sale","currency":"BDT","paymentCreateTime":"2022-01-17T17:49:55:820 GMT+0600","transactionStatus":"Initiated","merchantInvoiceNumber":"25"}
 ------------------------------------------------------------------------------------------------------------------------ 

API URL = https://tokenized.sandbox.bka.sh/v1.2.0-beta/tokenized/checkout/create
 DATE TIME = 17 Jan, 2022 05:50:08 PM
 RESPONSE = {"statusCode":"0000","statusMessage":"Successful","paymentID":"TR0011VM1642420206605","bkashURL":"https:\/\/sandbox.payment.bkash.com\/redirect\/tokenized\/?paymentID=TR0011VM1642420206605&hash=C7mKC4cBrWB8.bcUe!KabKVkgJPJBhWu9VMmcRhvGIew2pA9u5tSNxku9hA72ww_x-f-dF7I_9Qqr2EHt6j1oVV_iPk87eRO2R*_1642420206801&mode=0011&apiVersion=v1.2.0-beta","callbackURL":"http:\/\/localhost\/bKashPGW\/public\/customer\/tokenized\/agreement\/callback?request_type=woa_payment","successCallbackURL":"http:\/\/localhost\/bKashPGW\/public\/customer\/tokenized\/agreement\/callback?request_type=woa_payment&paymentID=TR0011VM1642420206605&status=success","failureCallbackURL":"http:\/\/localhost\/bKashPGW\/public\/customer\/tokenized\/agreement\/callback?request_type=woa_payment&paymentID=TR0011VM1642420206605&status=failure","cancelledCallbackURL":"http:\/\/localhost\/bKashPGW\/public\/customer\/tokenized\/agreement\/callback?request_type=woa_payment&paymentID=TR0011VM1642420206605&status=cancel","amount":"35000","intent":"authorization","currency":"BDT","paymentCreateTime":"2022-01-17T17:50:06:801 GMT+0600","transactionStatus":"Initiated","merchantInvoiceNumber":"74"}
 ------------------------------------------------------------------------------------------------------------------------ 

API URL = https://tokenized.sandbox.bka.sh/v1.2.0-beta/tokenized/checkout/execute
 DATE TIME = 17 Jan, 2022 05:50:57 PM
 RESPONSE = {"statusCode":"0000","statusMessage":"Successful","paymentID":"TR0011VM1642420206605","payerReference":"demo123","customerMsisdn":"01770618575","trxID":"9AH205TK6C","amount":"35000","transactionStatus":"Authorized","paymentExecuteTime":"2022-01-17T17:50:55:834 GMT+0600","currency":"BDT","intent":"authorization","merchantInvoiceNumber":"74"}
 ------------------------------------------------------------------------------------------------------------------------ 

API URL = https://checkout.sandbox.bka.sh/v1.2.0-beta/checkout/payment/void/TR0011VM1642420206605
 DATE TIME = 17 Jan, 2022 05:52:31 PM
 RESPONSE = {"errorCode":"2002","errorMessage":"Invalid Payment ID"}
 ------------------------------------------------------------------------------------------------------------------------ 

API URL = https://checkout.sandbox.bka.sh/v1.2.0-beta/checkout/payment/void/TR0011VM1642420206605
 DATE TIME = 17 Jan, 2022 05:52:47 PM
 RESPONSE = {"errorCode":"2002","errorMessage":"Invalid Payment ID"}
 ------------------------------------------------------------------------------------------------------------------------ 

API URL = https://tokenized.sandbox.bka.sh/v1.2.0-beta/tokenized/checkout/create
 DATE TIME = 17 Jan, 2022 05:52:56 PM
 RESPONSE = {"statusCode":"0000","statusMessage":"Successful","paymentID":"TR00001M1642420374436","bkashURL":"https:\/\/sandbox.payment.bkash.com\/redirect\/tokenized\/?paymentID=TR00001M1642420374436&hash=3d10yoJ1pW7zxa!BN9GLM2tLPdwh(eQDDmmGFf.ZC5JRn068Us5HIaVZZ6EbWodMOcuRsGh-7VMOyPB1fbL1O.*BMAgm!o8XDSz71642420374697&mode=0000&apiVersion=v1.2.0-beta","callbackURL":"http:\/\/localhost\/bKashPGW\/public\/customer\/tokenized\/agreement\/callback?request_type=wa_payment&payerReference=demo123&amount=35000&merchantInvoiceNumber=30&currency=BDT&intent=authorization&merchantAssociationInfo=","successCallbackURL":"http:\/\/localhost\/bKashPGW\/public\/customer\/tokenized\/agreement\/callback?request_type=wa_payment&payerReference=demo123&amount=35000&merchantInvoiceNumber=30&currency=BDT&intent=authorization&merchantAssociationInfo=&paymentID=TR00001M1642420374436&status=success","failureCallbackURL":"http:\/\/localhost\/bKashPGW\/public\/customer\/tokenized\/agreement\/callback?request_type=wa_payment&payerReference=demo123&amount=35000&merchantInvoiceNumber=30&currency=BDT&intent=authorization&merchantAssociationInfo=&paymentID=TR00001M1642420374436&status=failure","cancelledCallbackURL":"http:\/\/localhost\/bKashPGW\/public\/customer\/tokenized\/agreement\/callback?request_type=wa_payment&payerReference=demo123&amount=35000&merchantInvoiceNumber=30&currency=BDT&intent=authorization&merchantAssociationInfo=&paymentID=TR00001M1642420374436&status=cancel","payerReference":"demo123","agreementStatus":"Initiated","agreementCreateTime":"2022-01-17T17:52:54:696 GMT+0600"}
 ------------------------------------------------------------------------------------------------------------------------ 

API URL = https://tokenized.sandbox.bka.sh/v1.2.0-beta/tokenized/checkout/execute
 DATE TIME = 17 Jan, 2022 05:53:17 PM
 RESPONSE = {"statusCode":"0000","statusMessage":"Successful","paymentID":"TR00001M1642420374436","agreementID":"TokenizedMerchant02XQRY0M51642420396053","payerReference":"demo123","agreementExecuteTime":"2022-01-17T17:53:16:053 GMT+0600","agreementStatus":"Completed","customerMsisdn":"01929918378"}
 ------------------------------------------------------------------------------------------------------------------------ 

API URL = https://tokenized.sandbox.bka.sh/v1.2.0-beta/tokenized/checkout/create
 DATE TIME = 17 Jan, 2022 05:53:18 PM
 RESPONSE = {"statusCode":"0000","statusMessage":"Successful","paymentID":"TR0001QH1642420396440","bkashURL":"https:\/\/sandbox.payment.bkash.com\/redirect\/tokenized\/?paymentID=TR0001QH1642420396440&hash=jhttJVtNl.sEm*0qtagHGG7smZKn6)Zb6BF(4(-zHCqhQ2DRnYx8H7e))3vEoTHJ.)LXHA(oXout-N36l8Iv7Ehahb3Tz)S5pfHt1642420396677&mode=0001&apiVersion=v1.2.0-beta","callbackURL":"http:\/\/localhost\/bKashPGW\/public\/customer\/tokenized\/agreement\/callback?request_type=payment","successCallbackURL":"http:\/\/localhost\/bKashPGW\/public\/customer\/tokenized\/agreement\/callback?request_type=payment&paymentID=TR0001QH1642420396440&status=success","failureCallbackURL":"http:\/\/localhost\/bKashPGW\/public\/customer\/tokenized\/agreement\/callback?request_type=payment&paymentID=TR0001QH1642420396440&status=failure","cancelledCallbackURL":"http:\/\/localhost\/bKashPGW\/public\/customer\/tokenized\/agreement\/callback?request_type=payment&paymentID=TR0001QH1642420396440&status=cancel","amount":"35000","intent":"sale","currency":"BDT","agreementID":"TokenizedMerchant02XQRY0M51642420396053","paymentCreateTime":"2022-01-17T17:53:16:677 GMT+0600","transactionStatus":"Initiated","merchantInvoiceNumber":"30"}
 ------------------------------------------------------------------------------------------------------------------------ 

API URL = https://tokenized.sandbox.bka.sh/v1.2.0-beta/tokenized/checkout/execute
 DATE TIME = 17 Jan, 2022 05:53:41 PM
 RESPONSE = {"statusCode":"0000","statusMessage":"Successful","paymentID":"TR0001QH1642420396440","agreementID":"TokenizedMerchant02XQRY0M51642420396053","payerReference":"demo123","customerMsisdn":"01929918378","trxID":"9AH705TKXP","amount":"35000","transactionStatus":"Completed","paymentExecuteTime":"2022-01-17T17:53:39:334 GMT+0600","currency":"BDT","intent":"sale","merchantInvoiceNumber":"30"}
 ------------------------------------------------------------------------------------------------------------------------ 

API URL = https://tokenized.sandbox.bka.sh/v1.2.0-beta/tokenized/checkout/create
 DATE TIME = 17 Jan, 2022 05:55:30 PM
 RESPONSE = {"statusCode":"0000","statusMessage":"Successful","paymentID":"TR0000ZT1642420528080","bkashURL":"https:\/\/sandbox.payment.bkash.com\/redirect\/tokenized\/?paymentID=TR0000ZT1642420528080&hash=!3.xxc4RecGWOy!o-8jO.byoRL(NeOruup5!9qF7IHB!Vy_*618UT5C-Df3BGvcP**8)-APOWYv3brAlgaxKB6Fafl1vC1gD*-7B1642420528181&mode=0000&apiVersion=v1.2.0-beta","callbackURL":"http:\/\/localhost\/bKashPGW\/public\/customer\/tokenized\/agreement\/callback?request_type=wa_payment&payerReference=demo123&amount=35000&merchantInvoiceNumber=38&currency=BDT&intent=authorization&merchantAssociationInfo=","successCallbackURL":"http:\/\/localhost\/bKashPGW\/public\/customer\/tokenized\/agreement\/callback?request_type=wa_payment&payerReference=demo123&amount=35000&merchantInvoiceNumber=38&currency=BDT&intent=authorization&merchantAssociationInfo=&paymentID=TR0000ZT1642420528080&status=success","failureCallbackURL":"http:\/\/localhost\/bKashPGW\/public\/customer\/tokenized\/agreement\/callback?request_type=wa_payment&payerReference=demo123&amount=35000&merchantInvoiceNumber=38&currency=BDT&intent=authorization&merchantAssociationInfo=&paymentID=TR0000ZT1642420528080&status=failure","cancelledCallbackURL":"http:\/\/localhost\/bKashPGW\/public\/customer\/tokenized\/agreement\/callback?request_type=wa_payment&payerReference=demo123&amount=35000&merchantInvoiceNumber=38&currency=BDT&intent=authorization&merchantAssociationInfo=&paymentID=TR0000ZT1642420528080&status=cancel","payerReference":"demo123","agreementStatus":"Initiated","agreementCreateTime":"2022-01-17T17:55:28:181 GMT+0600"}
 ------------------------------------------------------------------------------------------------------------------------ 

API URL = https://tokenized.sandbox.bka.sh/v1.2.0-beta/tokenized/checkout/execute
 DATE TIME = 17 Jan, 2022 05:55:46 PM
 RESPONSE = {"statusCode":"0000","statusMessage":"Successful","paymentID":"TR0000ZT1642420528080","agreementID":"TokenizedMerchant02KCQTVFZ1642420544623","payerReference":"demo123","agreementExecuteTime":"2022-01-17T17:55:44:623 GMT+0600","agreementStatus":"Completed","customerMsisdn":"01929918378"}
 ------------------------------------------------------------------------------------------------------------------------ 

API URL = https://tokenized.sandbox.bka.sh/v1.2.0-beta/tokenized/checkout/create
 DATE TIME = 17 Jan, 2022 05:55:47 PM
 RESPONSE = {"statusCode":"0000","statusMessage":"Successful","paymentID":"TR00015U1642420545000","bkashURL":"https:\/\/sandbox.payment.bkash.com\/redirect\/tokenized\/?paymentID=TR00015U1642420545000&hash=wTXPRl.WbWcvFjCU7jjr7aN*7XMVjhoyJOUQSi3uD7UYTXgTu2UaQtTXEnC)0VQyWB6N50ATsCl7JOA5MkIPim1TMZ7sZyp9MAmS1642420545149&mode=0001&apiVersion=v1.2.0-beta","callbackURL":"http:\/\/localhost\/bKashPGW\/public\/customer\/tokenized\/agreement\/callback?request_type=payment","successCallbackURL":"http:\/\/localhost\/bKashPGW\/public\/customer\/tokenized\/agreement\/callback?request_type=payment&paymentID=TR00015U1642420545000&status=success","failureCallbackURL":"http:\/\/localhost\/bKashPGW\/public\/customer\/tokenized\/agreement\/callback?request_type=payment&paymentID=TR00015U1642420545000&status=failure","cancelledCallbackURL":"http:\/\/localhost\/bKashPGW\/public\/customer\/tokenized\/agreement\/callback?request_type=payment&paymentID=TR00015U1642420545000&status=cancel","amount":"35000","intent":"authorization","currency":"BDT","agreementID":"TokenizedMerchant02KCQTVFZ1642420544623","paymentCreateTime":"2022-01-17T17:55:45:149 GMT+0600","transactionStatus":"Initiated","merchantInvoiceNumber":"38"}
 ------------------------------------------------------------------------------------------------------------------------ 

API URL = https://tokenized.sandbox.bka.sh/v1.2.0-beta/tokenized/checkout/execute
 DATE TIME = 17 Jan, 2022 05:56:07 PM
 RESPONSE = {"statusCode":"0000","statusMessage":"Successful","paymentID":"TR00015U1642420545000","agreementID":"TokenizedMerchant02KCQTVFZ1642420544623","payerReference":"demo123","customerMsisdn":"01929918378","trxID":"9AH905TK6T","amount":"35000","transactionStatus":"Authorized","paymentExecuteTime":"2022-01-17T17:56:05:436 GMT+0600","currency":"BDT","intent":"authorization","merchantInvoiceNumber":"38"}
 ------------------------------------------------------------------------------------------------------------------------ 

API URL = https://checkout.sandbox.bka.sh/v1.2.0-beta/checkout/payment/capture/TR00015U1642420545000
 DATE TIME = 17 Jan, 2022 05:56:25 PM
 RESPONSE = {"errorCode":"2002","errorMessage":"Invalid Payment ID"}
 ------------------------------------------------------------------------------------------------------------------------ 

API URL = https://checkout.sandbox.bka.sh/v1.2.0-beta/checkout/payment/create
 DATE TIME = 17 Jan, 2022 05:56:56 PM
 RESPONSE = {"paymentID":"HSDCM6C1642420613808","createTime":"2022-01-17T11:56:54:169 GMT+0000","orgLogo":"https:\/\/s3-ap-southeast-1.amazonaws.com\/merchantlogo.sandbox.bka.sh\/merchant-default-logo.png","orgName":"TestCheckoutMerchant2","transactionStatus":"Initiated","amount":"18000","currency":"BDT","intent":"authorization","merchantInvoiceNumber":"1"}
 ------------------------------------------------------------------------------------------------------------------------ 

API URL = https://checkout.sandbox.bka.sh/v1.2.0-beta/checkout/payment/execute/HSDCM6C1642420613808
 DATE TIME = 17 Jan, 2022 05:57:33 PM
 RESPONSE = {"paymentID":"HSDCM6C1642420613808","createTime":"2022-01-17T11:56:54:169 GMT+0000","updateTime":"2022-01-17T11:57:31:692 GMT+0000","trxID":"9AH805TKY0","transactionStatus":"Authorized","amount":"18000","currency":"BDT","intent":"authorization","merchantInvoiceNumber":"1","customerMsisdn":"01770618575"}
 ------------------------------------------------------------------------------------------------------------------------ 

API URL = https://checkout.sandbox.bka.sh/v1.2.0-beta/checkout/payment/capture/HSDCM6C1642420613808
 DATE TIME = 17 Jan, 2022 05:57:54 PM
 RESPONSE = {"paymentID":"HSDCM6C1642420613808","createTime":"2022-01-17T11:56:54:169 GMT+0000","updateTime":"2022-01-17T11:57:53:044 GMT+0000","trxID":"9AH805TKY0","transactionStatus":"Completed"}
 ------------------------------------------------------------------------------------------------------------------------ 

API URL = https://checkout.sandbox.bka.sh/v1.2.0-beta/checkout/payment/void/HSDCM6C1642420613808
 DATE TIME = 17 Jan, 2022 05:58:01 PM
 RESPONSE = {"errorCode":"2068","errorMessage":"Transaction has already been completed"}
 ------------------------------------------------------------------------------------------------------------------------ 

API URL = https://checkout.sandbox.bka.sh/v1.2.0-beta/checkout/payment/create
 DATE TIME = 18 Jan, 2022 05:52:31 PM
 RESPONSE = {"paymentID":"74EX9NL1642506751957","createTime":"2022-01-18T11:52:32:011 GMT+0000","orgLogo":"https:\/\/s3-ap-southeast-1.amazonaws.com\/merchantlogo.sandbox.bka.sh\/merchant-default-logo.png","orgName":"TestCheckoutMerchant2","transactionStatus":"Initiated","amount":"18000","currency":"BDT","intent":"sale","merchantInvoiceNumber":"1"}
 ------------------------------------------------------------------------------------------------------------------------ 

API URL = https://checkout.sandbox.bka.sh/v1.2.0-beta/checkout/payment/create
 DATE TIME = 18 Jan, 2022 05:53:06 PM
 RESPONSE = {"paymentID":"JP14EN51642506786181","createTime":"2022-01-18T11:53:06:292 GMT+0000","orgLogo":"https:\/\/s3-ap-southeast-1.amazonaws.com\/merchantlogo.sandbox.bka.sh\/merchant-default-logo.png","orgName":"TestCheckoutMerchant2","transactionStatus":"Initiated","amount":"18000","currency":"BDT","intent":"sale","merchantInvoiceNumber":"1"}
 ------------------------------------------------------------------------------------------------------------------------ 

API URL = https://checkout.sandbox.bka.sh/v1.2.0-beta/checkout/payment/create
 DATE TIME = 18 Jan, 2022 05:53:12 PM
 RESPONSE = {"paymentID":"SILOE3Z1642506792219","createTime":"2022-01-18T11:53:12:380 GMT+0000","orgLogo":"https:\/\/s3-ap-southeast-1.amazonaws.com\/merchantlogo.sandbox.bka.sh\/merchant-default-logo.png","orgName":"TestCheckoutMerchant2","transactionStatus":"Initiated","amount":"18000","currency":"BDT","intent":"sale","merchantInvoiceNumber":"94"}
 ------------------------------------------------------------------------------------------------------------------------ 

API URL = https://checkout.sandbox.bka.sh/v1.2.0-beta/checkout/payment/execute/SILOE3Z1642506792219
 DATE TIME = 18 Jan, 2022 05:53:34 PM
 RESPONSE = {"paymentID":"SILOE3Z1642506792219","createTime":"2022-01-18T11:53:12:380 GMT+0000","updateTime":"2022-01-18T11:53:35:105 GMT+0000","trxID":"9AI105TN2R","transactionStatus":"Completed","amount":"18000","currency":"BDT","intent":"sale","merchantInvoiceNumber":"94","customerMsisdn":"01929918378"}
 ------------------------------------------------------------------------------------------------------------------------ 

API URL = https://checkout.sandbox.bka.sh/v1.2.0-beta/checkout/payment/create
 DATE TIME = 18 Jan, 2022 05:55:15 PM
 RESPONSE = {"paymentID":"WWAYMG61642506915278","createTime":"2022-01-18T11:55:15:538 GMT+0000","orgLogo":"https:\/\/s3-ap-southeast-1.amazonaws.com\/merchantlogo.sandbox.bka.sh\/merchant-default-logo.png","orgName":"TestCheckoutMerchant2","transactionStatus":"Initiated","amount":"18000","currency":"BDT","intent":"authorization","merchantInvoiceNumber":"20"}
 ------------------------------------------------------------------------------------------------------------------------ 

API URL = https://checkout.sandbox.bka.sh/v1.2.0-beta/checkout/payment/execute/WWAYMG61642506915278
 DATE TIME = 18 Jan, 2022 05:55:31 PM
 RESPONSE = {"paymentID":"WWAYMG61642506915278","createTime":"2022-01-18T11:55:15:538 GMT+0000","updateTime":"2022-01-18T11:55:31:428 GMT+0000","trxID":"9AI905TN2Z","transactionStatus":"Authorized","amount":"18000","currency":"BDT","intent":"authorization","merchantInvoiceNumber":"20","customerMsisdn":"01929918378"}
 ------------------------------------------------------------------------------------------------------------------------ 

API URL = https://checkout.sandbox.bka.sh/v1.2.0-beta/checkout/payment/capture/WWAYMG61642506915278
 DATE TIME = 18 Jan, 2022 05:55:52 PM
 RESPONSE = {"paymentID":"WWAYMG61642506915278","createTime":"2022-01-18T11:55:15:538 GMT+0000","updateTime":"2022-01-18T11:55:53:169 GMT+0000","trxID":"9AI905TN2Z","transactionStatus":"Completed"}
 ------------------------------------------------------------------------------------------------------------------------ 

API URL = https://tokenized.sandbox.bka.sh/v1.2.0-beta/tokenized/checkout/payment/confirm/capture
 DATE TIME = 19 Jan, 2022 01:51:41 PM
 RESPONSE = {"statusCode":"2002","statusMessage":"Invalid Payment ID"}
 ------------------------------------------------------------------------------------------------------------------------ 

API URL = https://tokenized.sandbox.bka.sh/v1.2.0-beta/tokenized/checkout/payment/confirm/capture
 DATE TIME = 19 Jan, 2022 01:52:08 PM
 RESPONSE = {"paymentID":"TR00015U1642420545000","createTime":"2022-01-17T17:55:45:149 GMT+0600","updateTime":"2022-01-19T13:52:08:473 GMT+0600","trxID":"9AH905TK6T","transactionStatus":"Completed","statusCode":"0000","statusMessage":"Successful"}
 ------------------------------------------------------------------------------------------------------------------------ 

API URL = https://tokenized.sandbox.bka.sh/v1.2.0-beta/tokenized/checkout/payment/confirm/void
 DATE TIME = 19 Jan, 2022 01:52:28 PM
 RESPONSE = {"statusCode":"2002","statusMessage":"Invalid Payment ID"}
 ------------------------------------------------------------------------------------------------------------------------ 

API URL = https://tokenized.sandbox.bka.sh/v1.2.0-beta/tokenized/checkout/payment/confirm/void
 DATE TIME = 19 Jan, 2022 01:52:39 PM
 RESPONSE = {"statusCode":"2062","statusMessage":"The payment has already been completed"}
 ------------------------------------------------------------------------------------------------------------------------ 

API URL = https://tokenized.sandbox.bka.sh/v1.2.0-beta/tokenized/checkout/create
 DATE TIME = 19 Jan, 2022 01:53:05 PM
 RESPONSE = {"statusCode":"0000","statusMessage":"Successful","paymentID":"TR0000DF1642578780260","bkashURL":"https:\/\/sandbox.payment.bkash.com\/redirect\/tokenized\/?paymentID=TR0000DF1642578780260&hash=0Jz6rI_!ZkyFVSf9CIUNsRYIN!en1EUPsl9G*NkOi7Y(C1)9B-yqo9.xrXl!7zaFcjY0aVPGYoJLTX2WzcSrSABIzbPH)TCkAPz41642578785744&mode=0000&apiVersion=v1.2.0-beta","callbackURL":"http:\/\/localhost\/bKashPGW\/public\/customer\/tokenized\/agreement\/callback?request_type=wa_payment&payerReference=demo123&amount=35000&merchantInvoiceNumber=7&currency=BDT&intent=sale&merchantAssociationInfo=","successCallbackURL":"http:\/\/localhost\/bKashPGW\/public\/customer\/tokenized\/agreement\/callback?request_type=wa_payment&payerReference=demo123&amount=35000&merchantInvoiceNumber=7&currency=BDT&intent=sale&merchantAssociationInfo=&paymentID=TR0000DF1642578780260&status=success","failureCallbackURL":"http:\/\/localhost\/bKashPGW\/public\/customer\/tokenized\/agreement\/callback?request_type=wa_payment&payerReference=demo123&amount=35000&merchantInvoiceNumber=7&currency=BDT&intent=sale&merchantAssociationInfo=&paymentID=TR0000DF1642578780260&status=failure","cancelledCallbackURL":"http:\/\/localhost\/bKashPGW\/public\/customer\/tokenized\/agreement\/callback?request_type=wa_payment&payerReference=demo123&amount=35000&merchantInvoiceNumber=7&currency=BDT&intent=sale&merchantAssociationInfo=&paymentID=TR0000DF1642578780260&status=cancel","payerReference":"demo123","agreementStatus":"Initiated","agreementCreateTime":"2022-01-19T13:53:05:742 GMT+0600"}
 ------------------------------------------------------------------------------------------------------------------------ 

API URL = https://tokenized.sandbox.bka.sh/v1.2.0-beta/tokenized/checkout/create
 DATE TIME = 19 Jan, 2022 01:53:54 PM
 RESPONSE = {"statusCode":"0000","statusMessage":"Successful","paymentID":"TR0000VS1642578834158","bkashURL":"https:\/\/sandbox.payment.bkash.com\/redirect\/tokenized\/?paymentID=TR0000VS1642578834158&hash=LTIH!2cgDJPKkKyizCuHZyyfYQm9jABz2hF1oiqALd_c5-!jrg1GmgsTMrOaFPipOYiBA83a5q.tY(tQQ9rpQtlB9oZj1g7b6HsP1642578834421&mode=0000&apiVersion=v1.2.0-beta","callbackURL":"http:\/\/localhost\/bKashPGW\/public\/customer\/tokenized\/agreement\/callback?request_type=wa_payment&payerReference=demo123&amount=35000&merchantInvoiceNumber=84&currency=BDT&intent=authorization&merchantAssociationInfo=","successCallbackURL":"http:\/\/localhost\/bKashPGW\/public\/customer\/tokenized\/agreement\/callback?request_type=wa_payment&payerReference=demo123&amount=35000&merchantInvoiceNumber=84&currency=BDT&intent=authorization&merchantAssociationInfo=&paymentID=TR0000VS1642578834158&status=success","failureCallbackURL":"http:\/\/localhost\/bKashPGW\/public\/customer\/tokenized\/agreement\/callback?request_type=wa_payment&payerReference=demo123&amount=35000&merchantInvoiceNumber=84&currency=BDT&intent=authorization&merchantAssociationInfo=&paymentID=TR0000VS1642578834158&status=failure","cancelledCallbackURL":"http:\/\/localhost\/bKashPGW\/public\/customer\/tokenized\/agreement\/callback?request_type=wa_payment&payerReference=demo123&amount=35000&merchantInvoiceNumber=84&currency=BDT&intent=authorization&merchantAssociationInfo=&paymentID=TR0000VS1642578834158&status=cancel","payerReference":"demo123","agreementStatus":"Initiated","agreementCreateTime":"2022-01-19T13:53:54:420 GMT+0600"}
 ------------------------------------------------------------------------------------------------------------------------ 

API URL = https://tokenized.sandbox.bka.sh/v1.2.0-beta/tokenized/checkout/execute
 DATE TIME = 19 Jan, 2022 01:54:59 PM
 RESPONSE = {"statusCode":"0000","statusMessage":"Successful","paymentID":"TR0000VS1642578834158","agreementID":"TokenizedMerchant021J35HEC1642578899041","payerReference":"demo123","agreementExecuteTime":"2022-01-19T13:54:59:041 GMT+0600","agreementStatus":"Completed","customerMsisdn":"01929918378"}
 ------------------------------------------------------------------------------------------------------------------------ 

API URL = https://tokenized.sandbox.bka.sh/v1.2.0-beta/tokenized/checkout/create
 DATE TIME = 19 Jan, 2022 01:55:00 PM
 RESPONSE = {"statusCode":"0000","statusMessage":"Successful","paymentID":"TR0001CC1642578899841","bkashURL":"https:\/\/sandbox.payment.bkash.com\/redirect\/tokenized\/?paymentID=TR0001CC1642578899841&hash=q.a*xCgITlaJ(NS7SyPKL_6nhTh9t4-okx_9S)*f4s0DpcwvyJ_AG!sOFbvvHZNAGwItFrB*8cDrRU1-!tG4s.WQjOkHDPXF7ozL1642578900164&mode=0001&apiVersion=v1.2.0-beta","callbackURL":"http:\/\/localhost\/bKashPGW\/public\/customer\/tokenized\/agreement\/callback?request_type=payment","successCallbackURL":"http:\/\/localhost\/bKashPGW\/public\/customer\/tokenized\/agreement\/callback?request_type=payment&paymentID=TR0001CC1642578899841&status=success","failureCallbackURL":"http:\/\/localhost\/bKashPGW\/public\/customer\/tokenized\/agreement\/callback?request_type=payment&paymentID=TR0001CC1642578899841&status=failure","cancelledCallbackURL":"http:\/\/localhost\/bKashPGW\/public\/customer\/tokenized\/agreement\/callback?request_type=payment&paymentID=TR0001CC1642578899841&status=cancel","amount":"35000","intent":"authorization","currency":"BDT","agreementID":"TokenizedMerchant021J35HEC1642578899041","paymentCreateTime":"2022-01-19T13:55:00:163 GMT+0600","transactionStatus":"Initiated","merchantInvoiceNumber":"84"}
 ------------------------------------------------------------------------------------------------------------------------ 

API URL = https://tokenized.sandbox.bka.sh/v1.2.0-beta/tokenized/checkout/execute
 DATE TIME = 19 Jan, 2022 01:57:24 PM
 RESPONSE = {"statusCode":"0000","statusMessage":"Successful","paymentID":"TR0001CC1642578899841","agreementID":"TokenizedMerchant021J35HEC1642578899041","payerReference":"demo123","customerMsisdn":"01929918378","trxID":"9AJ605TR6O","amount":"35000","transactionStatus":"Authorized","paymentExecuteTime":"2022-01-19T13:57:24:650 GMT+0600","currency":"BDT","intent":"authorization","merchantInvoiceNumber":"84"}
 ------------------------------------------------------------------------------------------------------------------------ 

API URL = https://tokenized.sandbox.bka.sh/v1.2.0-beta/tokenized/checkout/payment/confirm/void
 DATE TIME = 19 Jan, 2022 01:58:14 PM
 RESPONSE = {"paymentID":"TR0001CC1642578899841","createTime":"2022-01-19T13:55:00:163 GMT+0600","updateTime":"2022-01-19T13:58:14:251 GMT+0600","trxID":"9AJ605TR6O","transactionStatus":"Cancelled","statusCode":"0000","statusMessage":"Successful"}
 ------------------------------------------------------------------------------------------------------------------------ 

API URL = https://tokenized.sandbox.bka.sh/v1.2.0-beta/tokenized/checkout/payment/confirm/capture
 DATE TIME = 19 Jan, 2022 01:58:26 PM
 RESPONSE = {"statusCode":"2069","statusMessage":"Transaction has already been cancelled"}
 ------------------------------------------------------------------------------------------------------------------------ 

API URL = https://tokenized.sandbox.bka.sh/v1.2.0-beta/tokenized/checkout/create
 DATE TIME = 20 Jan, 2022 03:45:50 PM
 RESPONSE = {"statusCode":"0000","statusMessage":"Successful","paymentID":"TR0000R01642671944681","bkashURL":"https:\/\/sandbox.payment.bkash.com\/redirect\/tokenized\/?paymentID=TR0000R01642671944681&hash=UWFw1K*yqGg5tvmJpZf-azTA7LJ7fIqOk8KY.9f8Mkvrf4xjRB065srFxyHjg_F4qX*8Tl9qzWoEBRN-ovObgyI(v6bzF1xZdcSL1642671950704&mode=0000&apiVersion=v1.2.0-beta","callbackURL":"http:\/\/localhost\/bKashPGW\/public\/customer\/tokenized\/agreement\/callback?request_type=agreement","successCallbackURL":"http:\/\/localhost\/bKashPGW\/public\/customer\/tokenized\/agreement\/callback?request_type=agreement&paymentID=TR0000R01642671944681&status=success","failureCallbackURL":"http:\/\/localhost\/bKashPGW\/public\/customer\/tokenized\/agreement\/callback?request_type=agreement&paymentID=TR0000R01642671944681&status=failure","cancelledCallbackURL":"http:\/\/localhost\/bKashPGW\/public\/customer\/tokenized\/agreement\/callback?request_type=agreement&paymentID=TR0000R01642671944681&status=cancel","payerReference":"demo123","agreementStatus":"Initiated","agreementCreateTime":"2022-01-20T15:45:50:703 GMT+0600"}
 ------------------------------------------------------------------------------------------------------------------------ 

API URL = https://checkout.sandbox.bka.sh/v1.2.0-beta/checkout/payout/initiate
 DATE TIME = 24 Jan, 2022 02:43:03 PM
 RESPONSE = {"payoutID":"eyJwYXlvdXRUeXBlIjoiQjJCIiwiaGFzaCI6Im1Pa0RUTyJ9"}
 ------------------------------------------------------------------------------------------------------------------------ 

API URL = https://checkout.sandbox.bka.sh/v1.2.0-beta/checkout/payout/initiate
 DATE TIME = 24 Jan, 2022 02:45:18 PM
 RESPONSE = {"payoutID":"eyJwYXlvdXRUeXBlIjoiQjJCIiwiaGFzaCI6ImJCenFCZSJ9"}
 ------------------------------------------------------------------------------------------------------------------------ 

API URL = https://checkout.sandbox.bka.sh/v1.2.0-beta/checkout/payout/initiate
 DATE TIME = 24 Jan, 2022 02:45:21 PM
 RESPONSE = {"payoutID":"eyJwYXlvdXRUeXBlIjoiQjJCIiwiaGFzaCI6ImRIV3V2WSJ9"}
 ------------------------------------------------------------------------------------------------------------------------ 

API URL = https://checkout.sandbox.bka.sh/v1.2.0-beta/checkout/payout/initiate
 DATE TIME = 26 Jan, 2022 01:16:14 PM
 RESPONSE = {"payoutID":"eyJwYXlvdXRUeXBlIjoiQjJCIiwiaGFzaCI6Iml5WXdXTCJ9"}
 ------------------------------------------------------------------------------------------------------------------------ 

API URL = https://checkout.sandbox.bka.sh/v1.2.0-beta/checkout/payout/initiate
 DATE TIME = 26 Jan, 2022 01:16:45 PM
 RESPONSE = {"payoutID":"eyJwYXlvdXRUeXBlIjoiQjJCIiwiaGFzaCI6InJOT0VWTCJ9"}
 ------------------------------------------------------------------------------------------------------------------------ 

API URL = https://checkout.sandbox.bka.sh/v1.2.0-beta/checkout/payout/initiate
 DATE TIME = 26 Jan, 2022 01:16:50 PM
 RESPONSE = {"payoutID":"eyJwYXlvdXRUeXBlIjoiQjJCIiwiaGFzaCI6InRLYUV3byJ9"}
 ------------------------------------------------------------------------------------------------------------------------ 

API URL = https://checkout.sandbox.bka.sh/v1.2.0-beta/checkout/payout/initiate
 DATE TIME = 26 Jan, 2022 01:18:59 PM
 RESPONSE = {"payoutID":"eyJwYXlvdXRUeXBlIjoiQjJCIiwiaGFzaCI6ImdwSFdzTSJ9"}
 ------------------------------------------------------------------------------------------------------------------------ 

API URL = https://checkout.sandbox.bka.sh/v1.2.0-beta/checkout/payout/b2b
 DATE TIME = 26 Jan, 2022 01:19:00 PM
 RESPONSE = {"errorCode":"2012","errorMessage":"Invalid Receiver MSISDN"}
 ------------------------------------------------------------------------------------------------------------------------ 

API URL = https://checkout.sandbox.bka.sh/v1.2.0-beta/checkout/payout/initiate
 DATE TIME = 26 Jan, 2022 01:20:06 PM
 RESPONSE = {"payoutID":"eyJwYXlvdXRUeXBlIjoiQjJCIiwiaGFzaCI6IldIRFRJViJ9"}
 ------------------------------------------------------------------------------------------------------------------------ 

API URL = https://checkout.sandbox.bka.sh/v1.2.0-beta/checkout/payout/b2b
 DATE TIME = 26 Jan, 2022 01:20:08 PM
 RESPONSE = {"errorCode":"9999","errorMessage":"Something went wrong. Please try again"}
 ------------------------------------------------------------------------------------------------------------------------ 

API URL = https://checkout.sandbox.bka.sh/v1.2.0-beta/checkout/payout/initiate
 DATE TIME = 26 Jan, 2022 01:20:55 PM
 RESPONSE = {"payoutID":"eyJwYXlvdXRUeXBlIjoiQjJCIiwiaGFzaCI6InVzQUZVQyJ9"}
 ------------------------------------------------------------------------------------------------------------------------ 

API URL = https://checkout.sandbox.bka.sh/v1.2.0-beta/checkout/payout/b2b
 DATE TIME = 26 Jan, 2022 01:20:56 PM
 RESPONSE = {"errorCode":"9999","errorMessage":"Something went wrong. Please try again"}
 ------------------------------------------------------------------------------------------------------------------------ 

API URL = https://checkout.sandbox.bka.sh/v1.2.0-beta/checkout/payout/initiate
 DATE TIME = 26 Jan, 2022 01:27:15 PM
 RESPONSE = {"errorCode":"2087","errorMessage":"Your requested Payout Type is invalid."}
 ------------------------------------------------------------------------------------------------------------------------ 

API URL = https://checkout.sandbox.bka.sh/v1.2.0-beta/checkout/payout/initiate
 DATE TIME = 26 Jan, 2022 01:27:35 PM
 RESPONSE = {"errorCode":"2087","errorMessage":"Your requested Payout Type is invalid."}
 ------------------------------------------------------------------------------------------------------------------------ 

API URL = https://checkout.sandbox.bka.sh/v1.2.0-beta/checkout/payout/initiate
 DATE TIME = 26 Jan, 2022 01:27:49 PM
 RESPONSE = {"payoutID":"eyJwYXlvdXRUeXBlIjoiQjJCIiwiaGFzaCI6IlpVdUNGRyJ9"}
 ------------------------------------------------------------------------------------------------------------------------ 

API URL = https://checkout.sandbox.bka.sh/v1.2.0-beta/checkout/payout/initiate
 DATE TIME = 26 Jan, 2022 01:28:02 PM
 RESPONSE = {"payoutID":"eyJwYXlvdXRUeXBlIjoiQjJCIiwiaGFzaCI6IlV5WHFyViJ9"}
 ------------------------------------------------------------------------------------------------------------------------ 

API URL = https://checkout.sandbox.bka.sh/v1.2.0-beta/checkout/payout/b2b
 DATE TIME = 26 Jan, 2022 01:28:03 PM
 RESPONSE = {"errorCode":"9999","errorMessage":"Something went wrong. Please try again"}
 ------------------------------------------------------------------------------------------------------------------------ 

API URL = https://checkout.sandbox.bka.sh/v1.2.0-beta/checkout/payout/initiate
 DATE TIME = 26 Jan, 2022 09:25:02 PM
 RESPONSE = {"payoutID":"eyJwYXlvdXRUeXBlIjoiQjJCIiwiaGFzaCI6ImpMcUh4UCJ9"}
 ------------------------------------------------------------------------------------------------------------------------ 

API URL = https://checkout.sandbox.bka.sh/v1.2.0-beta/checkout/payout/b2b
 DATE TIME = 26 Jan, 2022 09:25:05 PM
 RESPONSE = {"errorCode":"9999","errorMessage":"Something went wrong. Please try again"}
 ------------------------------------------------------------------------------------------------------------------------ 

API URL = https://checkout.sandbox.bka.sh/v1.2.0-beta/checkout/payout/initiate
 DATE TIME = 26 Jan, 2022 09:29:50 PM
 RESPONSE = {"payoutID":"eyJwYXlvdXRUeXBlIjoiQjJCIiwiaGFzaCI6Im5HR211eCJ9"}
 ------------------------------------------------------------------------------------------------------------------------ 

API URL = https://checkout.sandbox.bka.sh/v1.2.0-beta/checkout/payout/b2b
 DATE TIME = 26 Jan, 2022 09:29:52 PM
 RESPONSE = {"errorCode":"9999","errorMessage":"Something went wrong. Please try again"}
 ------------------------------------------------------------------------------------------------------------------------ 

API URL = https://checkout.sandbox.bka.sh/v1.2.0-beta/checkout/payout/initiate
 DATE TIME = 26 Jan, 2022 09:31:07 PM
 RESPONSE = {"payoutID":"eyJwYXlvdXRUeXBlIjoiQjJCIiwiaGFzaCI6ImloV09QaSJ9"}
 ------------------------------------------------------------------------------------------------------------------------ 

API URL = https://checkout.sandbox.bka.sh/v1.2.0-beta/checkout/payout/b2b
 DATE TIME = 26 Jan, 2022 09:31:09 PM
 RESPONSE = {"errorCode":"9999","errorMessage":"Something went wrong. Please try again"}
 ------------------------------------------------------------------------------------------------------------------------ 

API URL = https://checkout.sandbox.bka.sh/v1.2.0-beta/checkout/payout/initiate
 DATE TIME = 26 Jan, 2022 09:32:39 PM
 RESPONSE = {"payoutID":"eyJwYXlvdXRUeXBlIjoiQjJCIiwiaGFzaCI6Im1raHZCVyJ9"}
 ------------------------------------------------------------------------------------------------------------------------ 

API URL = https://checkout.sandbox.bka.sh/v1.2.0-beta/checkout/payout/b2b
 DATE TIME = 26 Jan, 2022 09:32:40 PM
 RESPONSE = {"errorCode":"9999","errorMessage":"Something went wrong. Please try again"}
 ------------------------------------------------------------------------------------------------------------------------ 

API URL = https://checkout.sandbox.bka.sh/v1.2.0-beta/checkout/payout/initiate
 DATE TIME = 26 Jan, 2022 09:35:35 PM
 RESPONSE = {"payoutID":"eyJwYXlvdXRUeXBlIjoiQjJCIiwiaGFzaCI6IlpTcU9kTSJ9"}
 ------------------------------------------------------------------------------------------------------------------------ 

API URL = https://checkout.sandbox.bka.sh/v1.2.0-beta/checkout/payout/b2b
 DATE TIME = 26 Jan, 2022 09:35:37 PM
 RESPONSE = {"errorCode":"9999","errorMessage":"Something went wrong. Please try again"}
 ------------------------------------------------------------------------------------------------------------------------ 

API URL = https://checkout.sandbox.bka.sh/v1.2.0-beta/checkout/payout/query/ersd
 DATE TIME = 26 Jan, 2022 09:43:24 PM
 RESPONSE = {"timestamp":"2022-01-26T15:43:26.540+00:00","path":"\/checkout\/payout\/query\/ersd","status":415,"error":"Unsupported Media Type","requestId":"37557009-1"}
 ------------------------------------------------------------------------------------------------------------------------ 

API URL = https://checkout.sandbox.bka.sh/v1.2.0-beta/checkout/payout/query/k54rdffbvc5rfdcv
 DATE TIME = 26 Jan, 2022 09:47:16 PM
 RESPONSE = {"timestamp":"2022-01-26T15:47:18.705+00:00","path":"\/checkout\/payout\/query\/k54rdffbvc5rfdcv","status":415,"error":"Unsupported Media Type","requestId":"8a2dd165-1"}
 ------------------------------------------------------------------------------------------------------------------------ 

API URL = https://checkout.sandbox.bka.sh/v1.2.0-beta/checkout/payout/initiate
 DATE TIME = 26 Jan, 2022 09:48:15 PM
 RESPONSE = {"payoutID":"eyJwYXlvdXRUeXBlIjoiQjJCIiwiaGFzaCI6IktNZmF2RiJ9"}
 ------------------------------------------------------------------------------------------------------------------------ 

API URL = https://checkout.sandbox.bka.sh/v1.2.0-beta/checkout/payout/query/eyJwYXlvdXRUeXBlIjoiQjJCIiwiaGFzaCI6IktNZmF2RiJ9
 DATE TIME = 26 Jan, 2022 09:48:29 PM
 RESPONSE = {"timestamp":"2022-01-26T15:48:31.262+00:00","path":"\/checkout\/payout\/query\/eyJwYXlvdXRUeXBlIjoiQjJCIiwiaGFzaCI6IktNZmF2RiJ9","status":415,"error":"Unsupported Media Type","requestId":"a8864b99-1"}
 ------------------------------------------------------------------------------------------------------------------------ 

API URL = https://tokenized.sandbox.bka.sh/v1.2.0-beta/tokenized/checkout/payout/initiate
 DATE TIME = 26 Jan, 2022 10:19:07 PM
 RESPONSE = {"message":"Authorization header requires 'Credential' parameter. Authorization header requires 'Signature' parameter. Authorization header requires 'SignedHeaders' parameter. Authorization header requires existence of either a 'X-Amz-Date' or a 'Date' header. Authorization=eyJraWQiOiJvTVJzNU9ZY0wrUnRXQ2o3ZEJtdlc5VDBEcytrckw5M1NzY0VqUzlERXVzPSIsImFsZyI6IlJTMjU2In0.eyJzdWIiOiJlODNlMDkwMC1jY2ZmLTQzYTctODhiNy0wNjE5NDJkMTVmOTYiLCJhdWQiOiI0ZjZvMGNqaWtpMnJmbTM0a2ZkYWRsMWVxcSIsImV2ZW50X2lkIjoiMGRiOTg4ZGYtZTMyYi00MmU2LTg3ZjMtMTlhNTVmMjkzMmM3IiwidG9rZW5fdXNlIjoiaWQiLCJhdXRoX3RpbWUiOjE2NDMyMTM5NDgsImlzcyI6Imh0dHBzOlwvXC9jb2duaXRvLWlkcC5hcC1zb3V0aGVhc3QtMS5hbWF6b25hd3MuY29tXC9hcC1zb3V0aGVhc3QtMV9yYTNuUFkzSlMiLCJjb2duaXRvOnVzZXJuYW1lIjoic2FuZGJveFRva2VuaXplZFVzZXIwMiIsImV4cCI6MTY0MzIxNzU0OCwiaWF0IjoxNjQzMjEzOTQ4fQ.q6Yk-rjEIlniUKv7DSD_D52rEljHKkfKG4uKs_uOZAd1USBGTJCki3UfAVBV01O1aW6k3S_hXv_rBfNT3qwBafRgl2g0YA205R0CIp4HrbCufHvMAtOsF9IIGIdFnxPeIglU5byQKTY_X0pei_zw2wKfPLdQApkzisNEZoxYb9j3cZ5gjWZM3PNlnGZoEtIUYTaCCrt0_jrB6ttz2ChdGKEUZlQDE86RPFfvy7ga50RplxF8Hdwnn0FBITb30l6c_Rvm2Kupm4KGRWO5heNRRXgxcyxXrzoBbl1J-UbN7ccQK_kXKfPJDMcD5B25Llle16UqwjWTrPRfnxeP6BIbeQ"}
 ------------------------------------------------------------------------------------------------------------------------ 

API URL = https://tokenized.sandbox.bka.sh/v1.2.0-beta/tokenized/checkout/payout/initiate
 DATE TIME = 26 Jan, 2022 10:24:47 PM
 RESPONSE = {"statusCode":"0000","statusMessage":"Successful","payoutID":"eyJwYXlvdXRUeXBlIjoiQjJCIiwiaGFzaCI6IlJpQ0lVeCJ9"}
 ------------------------------------------------------------------------------------------------------------------------ 

API URL = https://tokenized.sandbox.bka.sh/v1.2.0-beta/tokenized/checkout/payout/initiate
 DATE TIME = 26 Jan, 2022 10:26:20 PM
 RESPONSE = {"statusCode":"0000","statusMessage":"Successful","payoutID":"eyJwYXlvdXRUeXBlIjoiQjJCIiwiaGFzaCI6InZ1ekxnbSJ9"}
 ------------------------------------------------------------------------------------------------------------------------ 

API URL = https://tokenized.sandbox.bka.sh/v1.2.0-beta/tokenized/checkout/payout/b2b
 DATE TIME = 26 Jan, 2022 10:26:22 PM
 RESPONSE = {"message":"Authorization header requires 'Credential' parameter. Authorization header requires 'Signature' parameter. Authorization header requires 'SignedHeaders' parameter. Authorization header requires existence of either a 'X-Amz-Date' or a 'Date' header. Authorization=eyJraWQiOiJvTVJzNU9ZY0wrUnRXQ2o3ZEJtdlc5VDBEcytrckw5M1NzY0VqUzlERXVzPSIsImFsZyI6IlJTMjU2In0.eyJzdWIiOiJlODNlMDkwMC1jY2ZmLTQzYTctODhiNy0wNjE5NDJkMTVmOTYiLCJhdWQiOiI0ZjZvMGNqaWtpMnJmbTM0a2ZkYWRsMWVxcSIsImV2ZW50X2lkIjoiMGRiOTg4ZGYtZTMyYi00MmU2LTg3ZjMtMTlhNTVmMjkzMmM3IiwidG9rZW5fdXNlIjoiaWQiLCJhdXRoX3RpbWUiOjE2NDMyMTM5NDgsImlzcyI6Imh0dHBzOlwvXC9jb2duaXRvLWlkcC5hcC1zb3V0aGVhc3QtMS5hbWF6b25hd3MuY29tXC9hcC1zb3V0aGVhc3QtMV9yYTNuUFkzSlMiLCJjb2duaXRvOnVzZXJuYW1lIjoic2FuZGJveFRva2VuaXplZFVzZXIwMiIsImV4cCI6MTY0MzIxNzU0OCwiaWF0IjoxNjQzMjEzOTQ4fQ.q6Yk-rjEIlniUKv7DSD_D52rEljHKkfKG4uKs_uOZAd1USBGTJCki3UfAVBV01O1aW6k3S_hXv_rBfNT3qwBafRgl2g0YA205R0CIp4HrbCufHvMAtOsF9IIGIdFnxPeIglU5byQKTY_X0pei_zw2wKfPLdQApkzisNEZoxYb9j3cZ5gjWZM3PNlnGZoEtIUYTaCCrt0_jrB6ttz2ChdGKEUZlQDE86RPFfvy7ga50RplxF8Hdwnn0FBITb30l6c_Rvm2Kupm4KGRWO5heNRRXgxcyxXrzoBbl1J-UbN7ccQK_kXKfPJDMcD5B25Llle16UqwjWTrPRfnxeP6BIbeQ"}
 ------------------------------------------------------------------------------------------------------------------------ 

API URL = https://tokenized.sandbox.bka.sh/v1.2.0-beta/tokenized/checkout/payout/initiate
 DATE TIME = 26 Jan, 2022 10:27:10 PM
 RESPONSE = {"statusCode":"0000","statusMessage":"Successful","payoutID":"eyJwYXlvdXRUeXBlIjoiQjJCIiwiaGFzaCI6Im52WWFzeiJ9"}
 ------------------------------------------------------------------------------------------------------------------------ 

API URL = https://tokenized.sandbox.bka.sh/v1.2.0-beta/tokenized/checkout/payout/b2b
 DATE TIME = 26 Jan, 2022 10:27:11 PM
 RESPONSE = {"message":"Authorization header requires 'Credential' parameter. Authorization header requires 'Signature' parameter. Authorization header requires 'SignedHeaders' parameter. Authorization header requires existence of either a 'X-Amz-Date' or a 'Date' header. Authorization=eyJraWQiOiJvTVJzNU9ZY0wrUnRXQ2o3ZEJtdlc5VDBEcytrckw5M1NzY0VqUzlERXVzPSIsImFsZyI6IlJTMjU2In0.eyJzdWIiOiJlODNlMDkwMC1jY2ZmLTQzYTctODhiNy0wNjE5NDJkMTVmOTYiLCJhdWQiOiI0ZjZvMGNqaWtpMnJmbTM0a2ZkYWRsMWVxcSIsImV2ZW50X2lkIjoiMGRiOTg4ZGYtZTMyYi00MmU2LTg3ZjMtMTlhNTVmMjkzMmM3IiwidG9rZW5fdXNlIjoiaWQiLCJhdXRoX3RpbWUiOjE2NDMyMTM5NDgsImlzcyI6Imh0dHBzOlwvXC9jb2duaXRvLWlkcC5hcC1zb3V0aGVhc3QtMS5hbWF6b25hd3MuY29tXC9hcC1zb3V0aGVhc3QtMV9yYTNuUFkzSlMiLCJjb2duaXRvOnVzZXJuYW1lIjoic2FuZGJveFRva2VuaXplZFVzZXIwMiIsImV4cCI6MTY0MzIxNzU0OCwiaWF0IjoxNjQzMjEzOTQ4fQ.q6Yk-rjEIlniUKv7DSD_D52rEljHKkfKG4uKs_uOZAd1USBGTJCki3UfAVBV01O1aW6k3S_hXv_rBfNT3qwBafRgl2g0YA205R0CIp4HrbCufHvMAtOsF9IIGIdFnxPeIglU5byQKTY_X0pei_zw2wKfPLdQApkzisNEZoxYb9j3cZ5gjWZM3PNlnGZoEtIUYTaCCrt0_jrB6ttz2ChdGKEUZlQDE86RPFfvy7ga50RplxF8Hdwnn0FBITb30l6c_Rvm2Kupm4KGRWO5heNRRXgxcyxXrzoBbl1J-UbN7ccQK_kXKfPJDMcD5B25Llle16UqwjWTrPRfnxeP6BIbeQ"}
 ------------------------------------------------------------------------------------------------------------------------ 

API URL = https://tokenized.sandbox.bka.sh/v1.2.0-beta/tokenized/payout/initiate
 DATE TIME = 26 Jan, 2022 10:28:36 PM
 RESPONSE = {"statusCode":"0000","statusMessage":"Successful","payoutID":"eyJwYXlvdXRUeXBlIjoiQjJCIiwiaGFzaCI6IktadkpwRyJ9"}
 ------------------------------------------------------------------------------------------------------------------------ 

API URL = https://tokenized.sandbox.bka.sh/v1.2.0-beta/tokenized/checkout/payout/b2b
 DATE TIME = 26 Jan, 2022 10:28:37 PM
 RESPONSE = {"message":"Authorization header requires 'Credential' parameter. Authorization header requires 'Signature' parameter. Authorization header requires 'SignedHeaders' parameter. Authorization header requires existence of either a 'X-Amz-Date' or a 'Date' header. Authorization=eyJraWQiOiJvTVJzNU9ZY0wrUnRXQ2o3ZEJtdlc5VDBEcytrckw5M1NzY0VqUzlERXVzPSIsImFsZyI6IlJTMjU2In0.eyJzdWIiOiJlODNlMDkwMC1jY2ZmLTQzYTctODhiNy0wNjE5NDJkMTVmOTYiLCJhdWQiOiI0ZjZvMGNqaWtpMnJmbTM0a2ZkYWRsMWVxcSIsImV2ZW50X2lkIjoiMGRiOTg4ZGYtZTMyYi00MmU2LTg3ZjMtMTlhNTVmMjkzMmM3IiwidG9rZW5fdXNlIjoiaWQiLCJhdXRoX3RpbWUiOjE2NDMyMTM5NDgsImlzcyI6Imh0dHBzOlwvXC9jb2duaXRvLWlkcC5hcC1zb3V0aGVhc3QtMS5hbWF6b25hd3MuY29tXC9hcC1zb3V0aGVhc3QtMV9yYTNuUFkzSlMiLCJjb2duaXRvOnVzZXJuYW1lIjoic2FuZGJveFRva2VuaXplZFVzZXIwMiIsImV4cCI6MTY0MzIxNzU0OCwiaWF0IjoxNjQzMjEzOTQ4fQ.q6Yk-rjEIlniUKv7DSD_D52rEljHKkfKG4uKs_uOZAd1USBGTJCki3UfAVBV01O1aW6k3S_hXv_rBfNT3qwBafRgl2g0YA205R0CIp4HrbCufHvMAtOsF9IIGIdFnxPeIglU5byQKTY_X0pei_zw2wKfPLdQApkzisNEZoxYb9j3cZ5gjWZM3PNlnGZoEtIUYTaCCrt0_jrB6ttz2ChdGKEUZlQDE86RPFfvy7ga50RplxF8Hdwnn0FBITb30l6c_Rvm2Kupm4KGRWO5heNRRXgxcyxXrzoBbl1J-UbN7ccQK_kXKfPJDMcD5B25Llle16UqwjWTrPRfnxeP6BIbeQ"}
 ------------------------------------------------------------------------------------------------------------------------ 

API URL = https://tokenized.sandbox.bka.sh/v1.2.0-beta/tokenized/payout/initiate
 DATE TIME = 26 Jan, 2022 10:29:34 PM
 RESPONSE = {"statusCode":"0000","statusMessage":"Successful","payoutID":"eyJwYXlvdXRUeXBlIjoiQjJCIiwiaGFzaCI6IllUUFFOaCJ9"}
 ------------------------------------------------------------------------------------------------------------------------ 

API URL = https://tokenized.sandbox.bka.sh/v1.2.0-beta/tokenized/payout/b2b
 DATE TIME = 26 Jan, 2022 10:29:42 PM
 RESPONSE = {"statusCode":"9999","statusMessage":"Something went wrong. Please try again"}
 ------------------------------------------------------------------------------------------------------------------------ 

API URL = https://tokenized.sandbox.bka.sh/v1.2.0-beta/tokenized/payout/query/67jm
 DATE TIME = 26 Jan, 2022 10:31:41 PM
 RESPONSE = {"timestamp":"2022-01-26T16:31:43.704+00:00","path":"\/tokenized-checkout\/payout\/query\/67jm","status":415,"error":"Unsupported Media Type","requestId":"8c84b647-1"}
 ------------------------------------------------------------------------------------------------------------------------ 

API URL = https://checkout.sandbox.bka.sh/v1.2.0-beta/checkout/payout/initiate
 DATE TIME = 27 Jan, 2022 12:26:33 PM
 RESPONSE = {"payoutID":"eyJwYXlvdXRUeXBlIjoiQjJCIiwiaGFzaCI6IkJ0WGZkbSJ9"}
 ------------------------------------------------------------------------------------------------------------------------ 

API URL = https://checkout.sandbox.bka.sh/v1.2.0-beta/checkout/payout/b2b
 DATE TIME = 27 Jan, 2022 12:26:34 PM
 RESPONSE = {"errorCode":"9999","errorMessage":"Something went wrong. Please try again"}
 ------------------------------------------------------------------------------------------------------------------------ 

API URL = https://checkout.sandbox.bka.sh/v1.2.0-beta/checkout/payout/initiate
 DATE TIME = 27 Jan, 2022 12:29:11 PM
 RESPONSE = {"payoutID":"eyJwYXlvdXRUeXBlIjoiQjJCIiwiaGFzaCI6ImxzRWlkVCJ9"}
 ------------------------------------------------------------------------------------------------------------------------ 

API URL = https://checkout.sandbox.bka.sh/v1.2.0-beta/checkout/payout/b2b
 DATE TIME = 27 Jan, 2022 12:29:12 PM
 RESPONSE = {"errorCode":"9999","errorMessage":"Something went wrong. Please try again"}
 ------------------------------------------------------------------------------------------------------------------------ 

